# JRE version: OpenJDK Runtime Environment (8.0_201-b09) (build 1.8.0_201-2-redhat-b09)
# Java VM: OpenJDK 64-Bit Server VM (25.201-b09 mixed mode windows-amd64 compressed oops)
Heap:
 garbage-first heap   total 419840K, used 128277K [0x00000000c0000000, 0x00000000c0100cd0, 0x0000000100000000)
  region size 1024K, 16 young (16384K), 16 survivors (16384K)
 Metaspace       used 41679K, capacity 43916K, committed 44208K, reserved 1089536K
  class space    used 4292K, capacity 5002K, committed 5040K, reserved 1048576K
GC Heap History (59 events):
Event: 1.289 GC heap before
{Heap before GC invocations=0 (full 0):
 garbage-first heap   total 131072K, used 14336K [0x00000000c0000000, 0x00000000c0100400, 0x0000000100000000)
  region size 1024K, 14 young (14336K), 0 survivors (0K)
 Metaspace       used 7063K, capacity 7252K, committed 7424K, reserved 1056768K
  class space    used 663K, capacity 695K, committed 768K, reserved 1048576K
Event: 1.296 GC heap after
Heap after GC invocations=1 (full 0):
 garbage-first heap   total 131072K, used 3451K [0x00000000c0000000, 0x00000000c0100400, 0x0000000100000000)
  region size 1024K, 2 young (2048K), 2 survivors (2048K)
 Metaspace       used 7063K, capacity 7252K, committed 7424K, reserved 1056768K
  class space    used 663K, capacity 695K, committed 768K, reserved 1048576K
}
Event: 2.330 GC heap before
{Heap before GC invocations=1 (full 0):
 garbage-first heap   total 131072K, used 19835K [0x00000000c0000000, 0x00000000c0100400, 0x0000000100000000)
  region size 1024K, 18 young (18432K), 2 survivors (2048K)
 Metaspace       used 10472K, capacity 10754K, committed 10880K, reserved 1058816K
  class space    used 997K, capacity 1067K, committed 1152K, reserved 1048576K
Event: 2.343 GC heap after
Heap after GC invocations=2 (full 0):
 garbage-first heap   total 131072K, used 9198K [0x00000000c0000000, 0x00000000c0100400, 0x0000000100000000)
  region size 1024K, 3 young (3072K), 3 survivors (3072K)
 Metaspace       used 10472K, capacity 10754K, committed 10880K, reserved 1058816K
  class space    used 997K, capacity 1067K, committed 1152K, reserved 1048576K
}
Event: 2.961 GC heap before
{Heap before GC invocations=2 (full 0):
 garbage-first heap   total 131072K, used 29678K [0x00000000c0000000, 0x00000000c0100400, 0x0000000100000000)
  region size 1024K, 23 young (23552K), 3 survivors (3072K)
 Metaspace       used 16905K, capacity 17610K, committed 17792K, reserved 1064960K
  class space    used 1533K, capacity 1805K, committed 1920K, reserved 1048576K
Event: 2.975 GC heap after
Heap after GC invocations=3 (full 0):
 garbage-first heap   total 131072K, used 16384K [0x00000000c0000000, 0x00000000c0100400, 0x0000000100000000)
  region size 1024K, 3 young (3072K), 3 survivors (3072K)
 Metaspace       used 16905K, capacity 17610K, committed 17792K, reserved 1064960K
  class space    used 1533K, capacity 1805K, committed 1920K, reserved 1048576K
}
Event: 3.755 GC heap before
{Heap before GC invocations=3 (full 0):
 garbage-first heap   total 131072K, used 46080K [0x00000000c0000000, 0x00000000c0100400, 0x0000000100000000)
  region size 1024K, 33 young (33792K), 3 survivors (3072K)
 Metaspace       used 20379K, capacity 21238K, committed 21296K, reserved 1069056K
  class space    used 1987K, capacity 2316K, committed 2352K, reserved 1048576K
Event: 3.766 GC heap after
Heap after GC invocations=4 (full 0):
 garbage-first heap   total 131072K, used 20479K [0x00000000c0000000, 0x00000000c0100400, 0x0000000100000000)
  region size 1024K, 7 young (7168K), 7 survivors (7168K)
 Metaspace       used 20379K, capacity 21238K, committed 21296K, reserved 1069056K
  class space    used 1987K, capacity 2316K, committed 2352K, reserved 1048576K
}
Event: 5.356 GC heap before
{Heap before GC invocations=5 (full 0):
 garbage-first heap   total 131072K, used 88063K [0x00000000c0000000, 0x00000000c0100400, 0x0000000100000000)
  region size 1024K, 76 young (77824K), 7 survivors (7168K)
 Metaspace       used 29421K, capacity 30964K, committed 31152K, reserved 1077248K
  class space    used 3055K, capacity 3642K, committed 3760K, reserved 1048576K
Event: 5.383 GC heap after
Heap after GC invocations=6 (full 0):
 garbage-first heap   total 131072K, used 29563K [0x00000000c0000000, 0x00000000c0100400, 0x0000000100000000)
  region size 1024K, 10 young (10240K), 10 survivors (10240K)
 Metaspace       used 29421K, capacity 30964K, committed 31152K, reserved 1077248K
  class space    used 3055K, capacity 3642K, committed 3760K, reserved 1048576K
}
Event: 6.242 GC heap before
{Heap before GC invocations=6 (full 0):
 garbage-first heap   total 131072K, used 69499K [0x00000000c0000000, 0x00000000c0100400, 0x0000000100000000)
  region size 1024K, 50 young (51200K), 10 survivors (10240K)
 Metaspace       used 33751K, capacity 35890K, committed 35920K, reserved 1081344K
  class space    used 3531K, capacity 4144K, committed 4144K, reserved 1048576K
Event: 6.267 GC heap after
Heap after GC invocations=7 (full 0):
 garbage-first heap   total 131072K, used 38144K [0x00000000c0000000, 0x00000000c0100400, 0x0000000100000000)
  region size 1024K, 9 young (9216K), 9 survivors (9216K)
 Metaspace       used 33751K, capacity 35890K, committed 35920K, reserved 1081344K
  class space    used 3531K, capacity 4144K, committed 4144K, reserved 1048576K
}
Event: 8.986 GC heap before
{Heap before GC invocations=8 (full 0):
 garbage-first heap   total 131072K, used 98560K [0x00000000c0000000, 0x00000000c0100400, 0x0000000100000000)
  region size 1024K, 76 young (77824K), 9 survivors (9216K)
 Metaspace       used 36899K, capacity 38928K, committed 39088K, reserved 1083392K
  class space    used 3839K, capacity 4516K, committed 4528K, reserved 1048576K
Event: 9.004 GC heap after
Heap after GC invocations=9 (full 0):
 garbage-first heap   total 131072K, used 33792K [0x00000000c0000000, 0x00000000c0100400, 0x0000000100000000)
  region size 1024K, 10 young (10240K), 10 survivors (10240K)
 Metaspace       used 36899K, capacity 38928K, committed 39088K, reserved 1083392K
  class space    used 3839K, capacity 4516K, committed 4528K, reserved 1048576K
}
Event: 9.017 GC heap before
{Heap before GC invocations=9 (full 0):
 garbage-first heap   total 131072K, used 34816K [0x00000000c0000000, 0x00000000c0100400, 0x0000000100000000)
  region size 1024K, 11 young (11264K), 10 survivors (10240K)
 Metaspace       used 36899K, capacity 38928K, committed 39088K, reserved 1083392K
  class space    used 3839K, capacity 4516K, committed 4528K, reserved 1048576K
Event: 9.030 GC heap after
Heap after GC invocations=10 (full 0):
 garbage-first heap   total 131072K, used 33792K [0x00000000c0000000, 0x00000000c0100400, 0x0000000100000000)
  region size 1024K, 2 young (2048K), 2 survivors (2048K)
 Metaspace       used 36899K, capacity 38928K, committed 39088K, reserved 1083392K
  class space    used 3839K, capacity 4516K, committed 4528K, reserved 1048576K
}
Event: 10.019 GC heap before
{Heap before GC invocations=10 (full 0):
 garbage-first heap   total 131072K, used 109568K [0x00000000c0000000, 0x00000000c0100400, 0x0000000100000000)
  region size 1024K, 76 young (77824K), 2 survivors (2048K)
 Metaspace       used 38316K, capacity 40512K, committed 40624K, reserved 1085440K
  class space    used 3992K, capacity 4730K, committed 4784K, reserved 1048576K
Event: 10.037 GC heap after
Heap after GC invocations=11 (full 0):
 garbage-first heap   total 131072K, used 41983K [0x00000000c0000000, 0x00000000c0100400, 0x0000000100000000)
  region size 1024K, 10 young (10240K), 10 survivors (10240K)
 Metaspace       used 38316K, capacity 40512K, committed 40624K, reserved 1085440K
  class space    used 3992K, capacity 4730K, committed 4784K, reserved 1048576K
}
Event: 10.772 GC heap before
{Heap before GC invocations=11 (full 0):
 garbage-first heap   total 131072K, used 108383K [0x00000000c0000000, 0x00000000c0100400, 0x0000000100000000)
  region size 1024K, 74 young (75776K), 10 survivors (10240K)
 Metaspace       used 38518K, capacity 40710K, committed 40880K, reserved 1085440K
  class space    used 3993K, capacity 4731K, committed 4784K, reserved 1048576K
Event: 10.796 GC heap after
Heap after GC invocations=12 (full 0):
 garbage-first heap   total 131072K, used 49880K [0x00000000c0000000, 0x00000000c0100400, 0x0000000100000000)
  region size 1024K, 7 young (7168K), 7 survivors (7168K)
 Metaspace       used 38518K, capacity 40710K, committed 40880K, reserved 1085440K
  class space    used 3993K, capacity 4731K, committed 4784K, reserved 1048576K
}
Event: 11.504 GC heap before
{Heap before GC invocations=12 (full 0):
 garbage-first heap   total 131072K, used 110296K [0x00000000c0000000, 0x00000000c0100400, 0x0000000100000000)
  region size 1024K, 66 young (67584K), 7 survivors (7168K)
 Metaspace       used 40486K, capacity 42752K, committed 42928K, reserved 1087488K
  class space    used 4188K, capacity 4936K, committed 5040K, reserved 1048576K
Event: 11.525 GC heap after
Heap after GC invocations=13 (full 0):
 garbage-first heap   total 131072K, used 58720K [0x00000000c0000000, 0x00000000c0100400, 0x0000000100000000)
  region size 1024K, 9 young (9216K), 9 survivors (9216K)
 Metaspace       used 40486K, capacity 42752K, committed 42928K, reserved 1087488K
  class space    used 4188K, capacity 4936K, committed 5040K, reserved 1048576K
}
Event: 12.039 GC heap before
{Heap before GC invocations=13 (full 0):
 garbage-first heap   total 131072K, used 107872K [0x00000000c0000000, 0x00000000c0100400, 0x0000000100000000)
  region size 1024K, 57 young (58368K), 9 survivors (9216K)
 Metaspace       used 40996K, capacity 43232K, committed 43440K, reserved 1087488K
  class space    used 4229K, capacity 4968K, committed 5040K, reserved 1048576K
Event: 12.061 GC heap after
Heap after GC invocations=14 (full 0):
 garbage-first heap   total 131072K, used 65375K [0x00000000c0000000, 0x00000000c0100400, 0x0000000100000000)
  region size 1024K, 7 young (7168K), 7 survivors (7168K)
 Metaspace       used 40996K, capacity 43232K, committed 43440K, reserved 1087488K
  class space    used 4229K, capacity 4968K, committed 5040K, reserved 1048576K
}
Event: 12.485 GC heap before
{Heap before GC invocations=14 (full 0):
 garbage-first heap   total 131072K, used 110431K [0x00000000c0000000, 0x00000000c0100400, 0x0000000100000000)
  region size 1024K, 51 young (52224K), 7 survivors (7168K)
 Metaspace       used 41005K, capacity 43232K, committed 43440K, reserved 1087488K
  class space    used 4229K, capacity 4968K, committed 5040K, reserved 1048576K
Event: 12.504 GC heap after
Heap after GC invocations=15 (full 0):
 garbage-first heap   total 131072K, used 71520K [0x00000000c0000000, 0x00000000c0100400, 0x0000000100000000)
  region size 1024K, 7 young (7168K), 7 survivors (7168K)
 Metaspace       used 41005K, capacity 43232K, committed 43440K, reserved 1087488K
  class space    used 4229K, capacity 4968K, committed 5040K, reserved 1048576K
}
Event: 12.937 GC heap before
{Heap before GC invocations=15 (full 0):
 garbage-first heap   total 131072K, used 104288K [0x00000000c0000000, 0x00000000c0100400, 0x0000000100000000)
  region size 1024K, 40 young (40960K), 7 survivors (7168K)
 Metaspace       used 41562K, capacity 43788K, committed 43952K, reserved 1087488K
  class space    used 4281K, capacity 5002K, committed 5040K, reserved 1048576K
Event: 12.956 GC heap after
Heap after GC invocations=16 (full 0):
 garbage-first heap   total 131072K, used 75616K [0x00000000c0000000, 0x00000000c0100400, 0x0000000100000000)
  region size 1024K, 5 young (5120K), 5 survivors (5120K)
 Metaspace       used 41562K, capacity 43788K, committed 43952K, reserved 1087488K
  class space    used 4281K, capacity 5002K, committed 5040K, reserved 1048576K
}
Event: 13.330 GC heap before
{Heap before GC invocations=17 (full 0):
 garbage-first heap   total 131072K, used 113184K [0x00000000c0000000, 0x00000000c0100400, 0x0000000100000000)
  region size 1024K, 40 young (40960K), 5 survivors (5120K)
 Metaspace       used 41564K, capacity 43788K, committed 43952K, reserved 1087488K
  class space    used 4281K, capacity 5002K, committed 5040K, reserved 1048576K
Event: 13.348 GC heap after
Heap after GC invocations=18 (full 0):
 garbage-first heap   total 131072K, used 82464K [0x00000000c0000000, 0x00000000c0100400, 0x0000000100000000)
  region size 1024K, 5 young (5120K), 5 survivors (5120K)
 Metaspace       used 41564K, capacity 43788K, committed 43952K, reserved 1087488K
  class space    used 4281K, capacity 5002K, committed 5040K, reserved 1048576K
}
Event: 13.363 GC heap before
{Heap before GC invocations=18 (full 0):
 garbage-first heap   total 131072K, used 83488K [0x00000000c0000000, 0x00000000c0100400, 0x0000000100000000)
  region size 1024K, 6 young (6144K), 5 survivors (5120K)
 Metaspace       used 41564K, capacity 43788K, committed 43952K, reserved 1087488K
  class space    used 4281K, capacity 5002K, committed 5040K, reserved 1048576K
Event: 13.378 GC heap after
Heap after GC invocations=19 (full 0):
 garbage-first heap   total 131072K, used 72736K [0x00000000c0000000, 0x00000000c0100400, 0x0000000100000000)
  region size 1024K, 1 young (1024K), 1 survivors (1024K)
 Metaspace       used 41564K, capacity 43788K, committed 43952K, reserved 1087488K
  class space    used 4281K, capacity 5002K, committed 5040K, reserved 1048576K
}
Event: 13.434 GC heap before
{Heap before GC invocations=19 (full 0):
 garbage-first heap   total 131072K, used 77856K [0x00000000c0000000, 0x00000000c0100400, 0x0000000100000000)
  region size 1024K, 6 young (6144K), 1 survivors (1024K)
 Metaspace       used 41571K, capacity 43788K, committed 43952K, reserved 1087488K
  class space    used 4281K, capacity 5002K, committed 5040K, reserved 1048576K
Event: 13.447 GC heap after
Heap after GC invocations=20 (full 0):
 garbage-first heap   total 131072K, used 72736K [0x00000000c0000000, 0x00000000c0100400, 0x0000000100000000)
  region size 1024K, 1 young (1024K), 1 survivors (1024K)
 Metaspace       used 41571K, capacity 43788K, committed 43952K, reserved 1087488K
  class space    used 4281K, capacity 5002K, committed 5040K, reserved 1048576K
}
Event: 13.681 GC heap before
{Heap before GC invocations=20 (full 0):
 garbage-first heap   total 131072K, used 111648K [0x00000000c0000000, 0x00000000c0100400, 0x0000000100000000)
  region size 1024K, 39 young (39936K), 1 survivors (1024K)
 Metaspace       used 41599K, capacity 43788K, committed 43952K, reserved 1087488K
  class space    used 4284K, capacity 5002K, committed 5040K, reserved 1048576K
Event: 13.698 GC heap after
Heap after GC invocations=21 (full 0):
 garbage-first heap   total 131072K, used 78368K [0x00000000c0000000, 0x00000000c0100400, 0x0000000100000000)
  region size 1024K, 5 young (5120K), 5 survivors (5120K)
 Metaspace       used 41599K, capacity 43788K, committed 43952K, reserved 1087488K
  class space    used 4284K, capacity 5002K, committed 5040K, reserved 1048576K
}
Event: 13.892 GC heap before
{Heap before GC invocations=21 (full 0):
 garbage-first heap   total 131072K, used 112160K [0x00000000c0000000, 0x00000000c0100400, 0x0000000100000000)
  region size 1024K, 38 young (38912K), 5 survivors (5120K)
 Metaspace       used 41599K, capacity 43788K, committed 43952K, reserved 1087488K
  class space    used 4284K, capacity 5002K, committed 5040K, reserved 1048576K
Event: 13.909 GC heap after
Heap after GC invocations=22 (full 0):
 garbage-first heap   total 131072K, used 82892K [0x00000000c0000000, 0x00000000c0100400, 0x0000000100000000)
  region size 1024K, 5 young (5120K), 5 survivors (5120K)
 Metaspace       used 41599K, capacity 43788K, committed 43952K, reserved 1087488K
  class space    used 4284K, capacity 5002K, committed 5040K, reserved 1048576K
}
Event: 14.092 GC heap before
{Heap before GC invocations=22 (full 0):
 garbage-first heap   total 131072K, used 112588K [0x00000000c0000000, 0x00000000c0100400, 0x0000000100000000)
  region size 1024K, 33 young (33792K), 5 survivors (5120K)
 Metaspace       used 41666K, capacity 43916K, committed 44208K, reserved 1089536K
  class space    used 4291K, capacity 5002K, committed 5040K, reserved 1048576K
Event: 14.110 GC heap after
Heap after GC invocations=23 (full 0):
 garbage-first heap   total 131072K, used 87584K [0x00000000c0000000, 0x00000000c0100400, 0x0000000100000000)
  region size 1024K, 5 young (5120K), 5 survivors (5120K)
 Metaspace       used 41666K, capacity 43916K, committed 44208K, reserved 1089536K
  class space    used 4291K, capacity 5002K, committed 5040K, reserved 1048576K
}
Event: 14.265 GC heap before
{Heap before GC invocations=24 (full 0):
 garbage-first heap   total 131072K, used 109248K [0x00000000c0000000, 0x00000000c0100400, 0x0000000100000000)
  region size 1024K, 27 young (27648K), 5 survivors (5120K)
 Metaspace       used 41668K, capacity 43916K, committed 44208K, reserved 1089536K
  class space    used 4292K, capacity 5002K, committed 5040K, reserved 1048576K
Event: 14.280 GC heap after
Heap after GC invocations=25 (full 0):
 garbage-first heap   total 131072K, used 89792K [0x00000000c0000000, 0x00000000c0100400, 0x0000000100000000)
  region size 1024K, 4 young (4096K), 4 survivors (4096K)
 Metaspace       used 41668K, capacity 43916K, committed 44208K, reserved 1089536K
  class space    used 4292K, capacity 5002K, committed 5040K, reserved 1048576K
}
Event: 14.294 GC heap before
{Heap before GC invocations=25 (full 0):
 garbage-first heap   total 131072K, used 91840K [0x00000000c0000000, 0x00000000c0100400, 0x0000000100000000)
  region size 1024K, 6 young (6144K), 4 survivors (4096K)
 Metaspace       used 41668K, capacity 43916K, committed 44208K, reserved 1089536K
  class space    used 4292K, capacity 5002K, committed 5040K, reserved 1048576K
Event: 14.315 GC heap after
Heap after GC invocations=26 (full 0):
 garbage-first heap   total 131072K, used 83136K [0x00000000c0000000, 0x00000000c0100400, 0x0000000100000000)
  region size 1024K, 1 young (1024K), 1 survivors (1024K)
 Metaspace       used 41668K, capacity 43916K, committed 44208K, reserved 1089536K
  class space    used 4292K, capacity 5002K, committed 5040K, reserved 1048576K
}
Event: 14.708 GC heap before
{Heap before GC invocations=26 (full 0):
 garbage-first heap   total 131072K, used 111808K [0x00000000c0000000, 0x00000000c0100400, 0x0000000100000000)
  region size 1024K, 29 young (29696K), 1 survivors (1024K)
 Metaspace       used 41668K, capacity 43916K, committed 44208K, reserved 1089536K
  class space    used 4292K, capacity 5002K, committed 5040K, reserved 1048576K
Event: 14.724 GC heap after
Heap after GC invocations=27 (full 0):
 garbage-first heap   total 131072K, used 85636K [0x00000000c0000000, 0x00000000c0100400, 0x0000000100000000)
  region size 1024K, 4 young (4096K), 4 survivors (4096K)
 Metaspace       used 41668K, capacity 43916K, committed 44208K, reserved 1089536K
  class space    used 4292K, capacity 5002K, committed 5040K, reserved 1048576K
}
Event: 14.893 GC heap before
{Heap before GC invocations=27 (full 0):
 garbage-first heap   total 131072K, used 111236K [0x00000000c0000000, 0x00000000c0100400, 0x0000000100000000)
  region size 1024K, 29 young (29696K), 4 survivors (4096K)
 Metaspace       used 41668K, capacity 43916K, committed 44208K, reserved 1089536K
  class space    used 4292K, capacity 5002K, committed 5040K, reserved 1048576K
Event: 14.909 GC heap after
Heap after GC invocations=28 (full 0):
 garbage-first heap   total 131072K, used 92189K [0x00000000c0000000, 0x00000000c0100400, 0x0000000100000000)
  region size 1024K, 4 young (4096K), 4 survivors (4096K)
 Metaspace       used 41668K, capacity 43916K, committed 44208K, reserved 1089536K
  class space    used 4292K, capacity 5002K, committed 5040K, reserved 1048576K
}
Event: 15.145 GC heap before
{Heap before GC invocations=28 (full 0):
 garbage-first heap   total 131072K, used 111645K [0x00000000c0000000, 0x00000000c0100400, 0x0000000100000000)
  region size 1024K, 23 young (23552K), 4 survivors (4096K)
 Metaspace       used 41668K, capacity 43916K, committed 44208K, reserved 1089536K
  class space    used 4292K, capacity 5002K, committed 5040K, reserved 1048576K
Event: 15.161 GC heap after
Heap after GC invocations=29 (full 0):
 garbage-first heap   total 131072K, used 95936K [0x00000000c0000000, 0x00000000c0100400, 0x0000000100000000)
  region size 1024K, 3 young (3072K), 3 survivors (3072K)
 Metaspace       used 41668K, capacity 43916K, committed 44208K, reserved 1089536K
  class space    used 4292K, capacity 5002K, committed 5040K, reserved 1048576K
}
Event: 15.230 GC heap before
{Heap before GC invocations=30 (full 0):
 garbage-first heap   total 131072K, used 113344K [0x00000000c0000000, 0x00000000c0100400, 0x0000000100000000)
  region size 1024K, 20 young (20480K), 3 survivors (3072K)
 Metaspace       used 41668K, capacity 43916K, committed 44208K, reserved 1089536K
  class space    used 4292K, capacity 5002K, committed 5040K, reserved 1048576K
Event: 15.244 GC heap after
Heap after GC invocations=31 (full 0):
 garbage-first heap   total 131072K, used 98616K [0x00000000c0000000, 0x00000000c0100400, 0x0000000100000000)
  region size 1024K, 3 young (3072K), 3 survivors (3072K)
 Metaspace       used 41668K, capacity 43916K, committed 44208K, reserved 1089536K
  class space    used 4292K, capacity 5002K, committed 5040K, reserved 1048576K
}
Event: 15.254 GC heap before
{Heap before GC invocations=31 (full 0):
 garbage-first heap   total 131072K, used 101688K [0x00000000c0000000, 0x00000000c0100400, 0x0000000100000000)
  region size 1024K, 6 young (6144K), 3 survivors (3072K)
 Metaspace       used 41668K, capacity 43916K, committed 44208K, reserved 1089536K
  class space    used 4292K, capacity 5002K, committed 5040K, reserved 1048576K
Event: 15.276 GC heap after
Heap after GC invocations=32 (full 0):
 garbage-first heap   total 131072K, used 96365K [0x00000000c0000000, 0x00000000c0100400, 0x0000000100000000)
  region size 1024K, 1 young (1024K), 1 survivors (1024K)
 Metaspace       used 41668K, capacity 43916K, committed 44208K, reserved 1089536K
  class space    used 4292K, capacity 5002K, committed 5040K, reserved 1048576K
}
Event: 15.339 GC heap before
{Heap before GC invocations=32 (full 0):
 garbage-first heap   total 131072K, used 113773K [0x00000000c0000000, 0x00000000c0100400, 0x0000000100000000)
  region size 1024K, 18 young (18432K), 1 survivors (1024K)
 Metaspace       used 41668K, capacity 43916K, committed 44208K, reserved 1089536K
  class space    used 4292K, capacity 5002K, committed 5040K, reserved 1048576K
Event: 15.356 GC heap after
Heap after GC invocations=33 (full 0):
 garbage-first heap   total 131072K, used 97264K [0x00000000c0000000, 0x00000000c0100400, 0x0000000100000000)
  region size 1024K, 2 young (2048K), 2 survivors (2048K)
 Metaspace       used 41668K, capacity 43916K, committed 44208K, reserved 1089536K
  class space    used 4292K, capacity 5002K, committed 5040K, reserved 1048576K
}
Event: 15.420 GC heap before
{Heap before GC invocations=33 (full 0):
 garbage-first heap   total 131072K, used 113648K [0x00000000c0000000, 0x00000000c0100400, 0x0000000100000000)
  region size 1024K, 18 young (18432K), 2 survivors (2048K)
 Metaspace       used 41669K, capacity 43916K, committed 44208K, reserved 1089536K
  class space    used 4292K, capacity 5002K, committed 5040K, reserved 1048576K
Event: 15.451 GC heap after
Heap after GC invocations=34 (full 0):
 garbage-first heap   total 262144K, used 99957K [0x00000000c0000000, 0x00000000c0100800, 0x0000000100000000)
  region size 1024K, 3 young (3072K), 3 survivors (3072K)
 Metaspace       used 41669K, capacity 43916K, committed 44208K, reserved 1089536K
  class space    used 4292K, capacity 5002K, committed 5040K, reserved 1048576K
}
Event: 16.463 GC heap before
{Heap before GC invocations=35 (full 0):
 garbage-first heap   total 262144K, used 225589K [0x00000000c0000000, 0x00000000c0100800, 0x0000000100000000)
  region size 1024K, 121 young (123904K), 3 survivors (3072K)
 Metaspace       used 41679K, capacity 43916K, committed 44208K, reserved 1089536K
  class space    used 4292K, capacity 5002K, committed 5040K, reserved 1048576K

