# JRE version: OpenJDK Runtime Environment (8.0_201-b09) (build 1.8.0_201-2-redhat-b09)
# Java VM: OpenJDK 64-Bit Server VM (25.201-b09 mixed mode windows-amd64 compressed oops)
Heap:
 garbage-first heap   total 131072K, used 40447K [0x00000000c0000000, 0x00000000c0100400, 0x0000000100000000)
  region size 1024K, 21 young (21504K), 7 survivors (7168K)
 Metaspace       used 35869K, capacity 38102K, committed 38300K, reserved 1083392K
  class space    used 3765K, capacity 4490K, committed 4528K, reserved 1048576K
GC Heap History (12 events):
Event: 1.599 GC heap before
{Heap before GC invocations=0 (full 0):
 garbage-first heap   total 131072K, used 14336K [0x00000000c0000000, 0x00000000c0100400, 0x0000000100000000)
  region size 1024K, 14 young (14336K), 0 survivors (0K)
 Metaspace       used 7046K, capacity 7188K, committed 7424K, reserved 1056768K
  class space    used 663K, capacity 695K, committed 768K, reserved 1048576K
Event: 1.606 GC heap after
Heap after GC invocations=1 (full 0):
 garbage-first heap   total 131072K, used 3477K [0x00000000c0000000, 0x00000000c0100400, 0x0000000100000000)
  region size 1024K, 2 young (2048K), 2 survivors (2048K)
 Metaspace       used 7046K, capacity 7188K, committed 7424K, reserved 1056768K
  class space    used 663K, capacity 695K, committed 768K, reserved 1048576K
}
Event: 2.636 GC heap before
{Heap before GC invocations=1 (full 0):
 garbage-first heap   total 131072K, used 19861K [0x00000000c0000000, 0x00000000c0100400, 0x0000000100000000)
  region size 1024K, 18 young (18432K), 2 survivors (2048K)
 Metaspace       used 10455K, capacity 10754K, committed 10880K, reserved 1058816K
  class space    used 997K, capacity 1067K, committed 1152K, reserved 1048576K
Event: 2.649 GC heap after
Heap after GC invocations=2 (full 0):
 garbage-first heap   total 131072K, used 9541K [0x00000000c0000000, 0x00000000c0100400, 0x0000000100000000)
  region size 1024K, 3 young (3072K), 3 survivors (3072K)
 Metaspace       used 10455K, capacity 10754K, committed 10880K, reserved 1058816K
  class space    used 997K, capacity 1067K, committed 1152K, reserved 1048576K
}
Event: 3.309 GC heap before
{Heap before GC invocations=2 (full 0):
 garbage-first heap   total 131072K, used 30021K [0x00000000c0000000, 0x00000000c0100400, 0x0000000100000000)
  region size 1024K, 23 young (23552K), 3 survivors (3072K)
 Metaspace       used 16922K, capacity 17674K, committed 17792K, reserved 1064960K
  class space    used 1533K, capacity 1805K, committed 1920K, reserved 1048576K
Event: 3.323 GC heap after
Heap after GC invocations=3 (full 0):
 garbage-first heap   total 131072K, used 16384K [0x00000000c0000000, 0x00000000c0100400, 0x0000000100000000)
  region size 1024K, 3 young (3072K), 3 survivors (3072K)
 Metaspace       used 16922K, capacity 17674K, committed 17792K, reserved 1064960K
  class space    used 1533K, capacity 1805K, committed 1920K, reserved 1048576K
}
Event: 4.018 GC heap before
{Heap before GC invocations=3 (full 0):
 garbage-first heap   total 131072K, used 46080K [0x00000000c0000000, 0x00000000c0100400, 0x0000000100000000)
  region size 1024K, 33 young (33792K), 3 survivors (3072K)
 Metaspace       used 20376K, capacity 21238K, committed 21296K, reserved 1069056K
  class space    used 1986K, capacity 2316K, committed 2352K, reserved 1048576K
Event: 4.029 GC heap after
Heap after GC invocations=4 (full 0):
 garbage-first heap   total 131072K, used 20479K [0x00000000c0000000, 0x00000000c0100400, 0x0000000100000000)
  region size 1024K, 7 young (7168K), 7 survivors (7168K)
 Metaspace       used 20376K, capacity 21238K, committed 21296K, reserved 1069056K
  class space    used 1986K, capacity 2316K, committed 2352K, reserved 1048576K
}
Event: 5.705 GC heap before
{Heap before GC invocations=5 (full 0):
 garbage-first heap   total 131072K, used 88063K [0x00000000c0000000, 0x00000000c0100400, 0x0000000100000000)
  region size 1024K, 76 young (77824K), 7 survivors (7168K)
 Metaspace       used 29129K, capacity 30794K, committed 31024K, reserved 1077248K
  class space    used 3015K, capacity 3605K, committed 3632K, reserved 1048576K
Event: 5.732 GC heap after
Heap after GC invocations=6 (full 0):
 garbage-first heap   total 131072K, used 29594K [0x00000000c0000000, 0x00000000c0100400, 0x0000000100000000)
  region size 1024K, 10 young (10240K), 10 survivors (10240K)
 Metaspace       used 29129K, capacity 30794K, committed 31024K, reserved 1077248K
  class space    used 3015K, capacity 3605K, committed 3632K, reserved 1048576K
}
Event: 6.713 GC heap before
{Heap before GC invocations=6 (full 0):
 garbage-first heap   total 131072K, used 60314K [0x00000000c0000000, 0x00000000c0100400, 0x0000000100000000)
  region size 1024K, 41 young (41984K), 10 survivors (10240K)
 Metaspace       used 33723K, capacity 35790K, committed 35920K, reserved 1081344K
  class space    used 3534K, capacity 4190K, committed 4272K, reserved 1048576K
Event: 6.739 GC heap after
Heap after GC invocations=7 (full 0):
 garbage-first heap   total 131072K, used 36351K [0x00000000c0000000, 0x00000000c0100400, 0x0000000100000000)
  region size 1024K, 7 young (7168K), 7 survivors (7168K)
 Metaspace       used 33723K, capacity 35790K, committed 35920K, reserved 1081344K
  class space    used 3534K, capacity 4190K, committed 4272K, reserved 1048576K
}

