# JRE version: OpenJDK Runtime Environment (8.0_201-b09) (build 1.8.0_201-2-redhat-b09)
# Java VM: OpenJDK 64-Bit Server VM (25.201-b09 mixed mode windows-amd64 compressed oops)
Heap:
 garbage-first heap   total 131072K, used 37460K [0x00000000c0000000, 0x00000000c0100400, 0x0000000100000000)
  region size 1024K, 20 young (20480K), 10 survivors (10240K)
 Metaspace       used 31588K, capacity 33388K, committed 33456K, reserved 1079296K
  class space    used 3308K, capacity 3975K, committed 4016K, reserved 1048576K
GC Heap History (10 events):
Event: 2.010 GC heap before
{Heap before GC invocations=0 (full 0):
 garbage-first heap   total 131072K, used 14336K [0x00000000c0000000, 0x00000000c0100400, 0x0000000100000000)
  region size 1024K, 14 young (14336K), 0 survivors (0K)
 Metaspace       used 7071K, capacity 7252K, committed 7424K, reserved 1056768K
  class space    used 663K, capacity 695K, committed 768K, reserved 1048576K
Event: 2.017 GC heap after
Heap after GC invocations=1 (full 0):
 garbage-first heap   total 131072K, used 3443K [0x00000000c0000000, 0x00000000c0100400, 0x0000000100000000)
  region size 1024K, 2 young (2048K), 2 survivors (2048K)
 Metaspace       used 7071K, capacity 7252K, committed 7424K, reserved 1056768K
  class space    used 663K, capacity 695K, committed 768K, reserved 1048576K
}
Event: 3.284 GC heap before
{Heap before GC invocations=1 (full 0):
 garbage-first heap   total 131072K, used 19827K [0x00000000c0000000, 0x00000000c0100400, 0x0000000100000000)
  region size 1024K, 18 young (18432K), 2 survivors (2048K)
 Metaspace       used 10475K, capacity 10754K, committed 10880K, reserved 1058816K
  class space    used 997K, capacity 1067K, committed 1152K, reserved 1048576K
Event: 3.296 GC heap after
Heap after GC invocations=2 (full 0):
 garbage-first heap   total 131072K, used 9556K [0x00000000c0000000, 0x00000000c0100400, 0x0000000100000000)
  region size 1024K, 3 young (3072K), 3 survivors (3072K)
 Metaspace       used 10475K, capacity 10754K, committed 10880K, reserved 1058816K
  class space    used 997K, capacity 1067K, committed 1152K, reserved 1048576K
}
Event: 4.026 GC heap before
{Heap before GC invocations=2 (full 0):
 garbage-first heap   total 131072K, used 31060K [0x00000000c0000000, 0x00000000c0100400, 0x0000000100000000)
  region size 1024K, 24 young (24576K), 3 survivors (3072K)
 Metaspace       used 16911K, capacity 17610K, committed 17792K, reserved 1064960K
  class space    used 1533K, capacity 1805K, committed 1920K, reserved 1048576K
Event: 4.040 GC heap after
Heap after GC invocations=3 (full 0):
 garbage-first heap   total 131072K, used 16384K [0x00000000c0000000, 0x00000000c0100400, 0x0000000100000000)
  region size 1024K, 3 young (3072K), 3 survivors (3072K)
 Metaspace       used 16911K, capacity 17610K, committed 17792K, reserved 1064960K
  class space    used 1533K, capacity 1805K, committed 1920K, reserved 1048576K
}
Event: 4.960 GC heap before
{Heap before GC invocations=3 (full 0):
 garbage-first heap   total 131072K, used 46080K [0x00000000c0000000, 0x00000000c0100400, 0x0000000100000000)
  region size 1024K, 33 young (33792K), 3 survivors (3072K)
 Metaspace       used 20389K, capacity 21238K, committed 21296K, reserved 1069056K
  class space    used 1986K, capacity 2316K, committed 2352K, reserved 1048576K
Event: 4.973 GC heap after
Heap after GC invocations=4 (full 0):
 garbage-first heap   total 131072K, used 20479K [0x00000000c0000000, 0x00000000c0100400, 0x0000000100000000)
  region size 1024K, 7 young (7168K), 7 survivors (7168K)
 Metaspace       used 20389K, capacity 21238K, committed 21296K, reserved 1069056K
  class space    used 1986K, capacity 2316K, committed 2352K, reserved 1048576K
}
Event: 6.484 GC heap before
{Heap before GC invocations=5 (full 0):
 garbage-first heap   total 131072K, used 87039K [0x00000000c0000000, 0x00000000c0100400, 0x0000000100000000)
  region size 1024K, 76 young (77824K), 7 survivors (7168K)
 Metaspace       used 29083K, capacity 30652K, committed 30768K, reserved 1077248K
  class space    used 3010K, capacity 3603K, committed 3632K, reserved 1048576K
Event: 6.510 GC heap after
Heap after GC invocations=6 (full 0):
 garbage-first heap   total 131072K, used 28244K [0x00000000c0000000, 0x00000000c0100400, 0x0000000100000000)
  region size 1024K, 10 young (10240K), 10 survivors (10240K)
 Metaspace       used 29083K, capacity 30652K, committed 30768K, reserved 1077248K
  class space    used 3010K, capacity 3603K, committed 3632K, reserved 1048576K
}

