# JRE version: OpenJDK Runtime Environment (8.0_201-b09) (build 1.8.0_201-2-redhat-b09)
# Java VM: OpenJDK 64-Bit Server VM (25.201-b09 mixed mode windows-amd64 compressed oops)
Heap:
 garbage-first heap   total 419840K, used 121715K [0x00000000c0000000, 0x00000000c0100cd0, 0x0000000100000000)
  region size 1024K, 15 young (15360K), 15 survivors (15360K)
 Metaspace       used 41655K, capacity 43858K, committed 44188K, reserved 1089536K
  class space    used 4294K, capacity 5003K, committed 5040K, reserved 1048576K
GC Heap History (53 events):
Event: 1.558 GC heap before
{Heap before GC invocations=0 (full 0):
 garbage-first heap   total 131072K, used 14336K [0x00000000c0000000, 0x00000000c0100400, 0x0000000100000000)
  region size 1024K, 14 young (14336K), 0 survivors (0K)
 Metaspace       used 7053K, capacity 7252K, committed 7424K, reserved 1056768K
  class space    used 663K, capacity 695K, committed 768K, reserved 1048576K
Event: 1.564 GC heap after
Heap after GC invocations=1 (full 0):
 garbage-first heap   total 131072K, used 3446K [0x00000000c0000000, 0x00000000c0100400, 0x0000000100000000)
  region size 1024K, 2 young (2048K), 2 survivors (2048K)
 Metaspace       used 7053K, capacity 7252K, committed 7424K, reserved 1056768K
  class space    used 663K, capacity 695K, committed 768K, reserved 1048576K
}
Event: 2.779 GC heap before
{Heap before GC invocations=1 (full 0):
 garbage-first heap   total 131072K, used 19830K [0x00000000c0000000, 0x00000000c0100400, 0x0000000100000000)
  region size 1024K, 18 young (18432K), 2 survivors (2048K)
 Metaspace       used 10471K, capacity 10754K, committed 10880K, reserved 1058816K
  class space    used 997K, capacity 1067K, committed 1152K, reserved 1048576K
Event: 2.791 GC heap after
Heap after GC invocations=2 (full 0):
 garbage-first heap   total 131072K, used 9211K [0x00000000c0000000, 0x00000000c0100400, 0x0000000100000000)
  region size 1024K, 3 young (3072K), 3 survivors (3072K)
 Metaspace       used 10471K, capacity 10754K, committed 10880K, reserved 1058816K
  class space    used 997K, capacity 1067K, committed 1152K, reserved 1048576K
}
Event: 3.424 GC heap before
{Heap before GC invocations=2 (full 0):
 garbage-first heap   total 131072K, used 29691K [0x00000000c0000000, 0x00000000c0100400, 0x0000000100000000)
  region size 1024K, 23 young (23552K), 3 survivors (3072K)
 Metaspace       used 16897K, capacity 17610K, committed 17792K, reserved 1064960K
  class space    used 1533K, capacity 1805K, committed 1920K, reserved 1048576K
Event: 3.437 GC heap after
Heap after GC invocations=3 (full 0):
 garbage-first heap   total 131072K, used 15872K [0x00000000c0000000, 0x00000000c0100400, 0x0000000100000000)
  region size 1024K, 3 young (3072K), 3 survivors (3072K)
 Metaspace       used 16897K, capacity 17610K, committed 17792K, reserved 1064960K
  class space    used 1533K, capacity 1805K, committed 1920K, reserved 1048576K
}
Event: 4.298 GC heap before
{Heap before GC invocations=3 (full 0):
 garbage-first heap   total 131072K, used 46592K [0x00000000c0000000, 0x00000000c0100400, 0x0000000100000000)
  region size 1024K, 34 young (34816K), 3 survivors (3072K)
 Metaspace       used 20375K, capacity 21238K, committed 21296K, reserved 1069056K
  class space    used 1988K, capacity 2316K, committed 2352K, reserved 1048576K
Event: 4.310 GC heap after
Heap after GC invocations=4 (full 0):
 garbage-first heap   total 131072K, used 19968K [0x00000000c0000000, 0x00000000c0100400, 0x0000000100000000)
  region size 1024K, 7 young (7168K), 7 survivors (7168K)
 Metaspace       used 20375K, capacity 21238K, committed 21296K, reserved 1069056K
  class space    used 1988K, capacity 2316K, committed 2352K, reserved 1048576K
}
Event: 6.699 GC heap before
{Heap before GC invocations=5 (full 0):
 garbage-first heap   total 131072K, used 87039K [0x00000000c0000000, 0x00000000c0100400, 0x0000000100000000)
  region size 1024K, 76 young (77824K), 7 survivors (7168K)
 Metaspace       used 31396K, capacity 33092K, committed 33328K, reserved 1079296K
  class space    used 3279K, capacity 3867K, committed 3888K, reserved 1048576K
Event: 6.731 GC heap after
Heap after GC invocations=6 (full 0):
 garbage-first heap   total 131072K, used 31263K [0x00000000c0000000, 0x00000000c0100400, 0x0000000100000000)
  region size 1024K, 10 young (10240K), 10 survivors (10240K)
 Metaspace       used 31396K, capacity 33092K, committed 33328K, reserved 1079296K
  class space    used 3279K, capacity 3867K, committed 3888K, reserved 1048576K
}
Event: 7.368 GC heap before
{Heap before GC invocations=6 (full 0):
 garbage-first heap   total 131072K, used 54815K [0x00000000c0000000, 0x00000000c0100400, 0x0000000100000000)
  region size 1024K, 34 young (34816K), 10 survivors (10240K)
 Metaspace       used 33615K, capacity 35720K, committed 35920K, reserved 1081344K
  class space    used 3536K, capacity 4153K, committed 4272K, reserved 1048576K
Event: 7.391 GC heap after
Heap after GC invocations=7 (full 0):
 garbage-first heap   total 131072K, used 37120K [0x00000000c0000000, 0x00000000c0100400, 0x0000000100000000)
  region size 1024K, 6 young (6144K), 6 survivors (6144K)
 Metaspace       used 33615K, capacity 35720K, committed 35920K, reserved 1081344K
  class space    used 3536K, capacity 4153K, committed 4272K, reserved 1048576K
}
Event: 9.961 GC heap before
{Heap before GC invocations=8 (full 0):
 garbage-first heap   total 131072K, used 97536K [0x00000000c0000000, 0x00000000c0100400, 0x0000000100000000)
  region size 1024K, 76 young (77824K), 6 survivors (6144K)
 Metaspace       used 36898K, capacity 38998K, committed 39324K, reserved 1083392K
  class space    used 3840K, capacity 4517K, committed 4528K, reserved 1048576K
Event: 9.978 GC heap after
Heap after GC invocations=9 (full 0):
 garbage-first heap   total 131072K, used 33280K [0x00000000c0000000, 0x00000000c0100400, 0x0000000100000000)
  region size 1024K, 10 young (10240K), 10 survivors (10240K)
 Metaspace       used 36898K, capacity 38998K, committed 39324K, reserved 1083392K
  class space    used 3840K, capacity 4517K, committed 4528K, reserved 1048576K
}
Event: 11.130 GC heap before
{Heap before GC invocations=10 (full 0):
 garbage-first heap   total 131072K, used 100864K [0x00000000c0000000, 0x00000000c0100400, 0x0000000100000000)
  region size 1024K, 76 young (77824K), 10 survivors (10240K)
 Metaspace       used 37986K, capacity 40200K, committed 40604K, reserved 1085440K
  class space    used 3962K, capacity 4694K, committed 4784K, reserved 1048576K
Event: 11.154 GC heap after
Heap after GC invocations=11 (full 0):
 garbage-first heap   total 131072K, used 40959K [0x00000000c0000000, 0x00000000c0100400, 0x0000000100000000)
  region size 1024K, 9 young (9216K), 9 survivors (9216K)
 Metaspace       used 37986K, capacity 40200K, committed 40604K, reserved 1085440K
  class space    used 3962K, capacity 4694K, committed 4784K, reserved 1048576K
}
Event: 11.188 GC heap before
{Heap before GC invocations=11 (full 0):
 garbage-first heap   total 131072K, used 41983K [0x00000000c0000000, 0x00000000c0100400, 0x0000000100000000)
  region size 1024K, 10 young (10240K), 9 survivors (9216K)
 Metaspace       used 38029K, capacity 40206K, committed 40604K, reserved 1085440K
  class space    used 3966K, capacity 4695K, committed 4784K, reserved 1048576K
Event: 11.203 GC heap after
Heap after GC invocations=12 (full 0):
 garbage-first heap   total 131072K, used 40448K [0x00000000c0000000, 0x00000000c0100400, 0x0000000100000000)
  region size 1024K, 2 young (2048K), 2 survivors (2048K)
 Metaspace       used 38029K, capacity 40206K, committed 40604K, reserved 1085440K
  class space    used 3966K, capacity 4695K, committed 4784K, reserved 1048576K
}
Event: 11.891 GC heap before
{Heap before GC invocations=12 (full 0):
 garbage-first heap   total 131072K, used 109920K [0x00000000c0000000, 0x00000000c0100400, 0x0000000100000000)
  region size 1024K, 69 young (70656K), 2 survivors (2048K)
 Metaspace       used 38473K, capacity 40716K, committed 40860K, reserved 1085440K
  class space    used 3994K, capacity 4732K, committed 4784K, reserved 1048576K
Event: 11.906 GC heap after
Heap after GC invocations=13 (full 0):
 garbage-first heap   total 131072K, used 47951K [0x00000000c0000000, 0x00000000c0100400, 0x0000000100000000)
  region size 1024K, 9 young (9216K), 9 survivors (9216K)
 Metaspace       used 38473K, capacity 40716K, committed 40860K, reserved 1085440K
  class space    used 3994K, capacity 4732K, committed 4784K, reserved 1048576K
}
Event: 12.361 GC heap before
{Heap before GC invocations=13 (full 0):
 garbage-first heap   total 131072K, used 107343K [0x00000000c0000000, 0x00000000c0100400, 0x0000000100000000)
  region size 1024K, 67 young (68608K), 9 survivors (9216K)
 Metaspace       used 39392K, capacity 41588K, committed 41756K, reserved 1085440K
  class space    used 4077K, capacity 4806K, committed 4912K, reserved 1048576K
Event: 12.386 GC heap after
Heap after GC invocations=14 (full 0):
 garbage-first heap   total 131072K, used 55966K [0x00000000c0000000, 0x00000000c0100400, 0x0000000100000000)
  region size 1024K, 8 young (8192K), 8 survivors (8192K)
 Metaspace       used 39392K, capacity 41588K, committed 41756K, reserved 1085440K
  class space    used 4077K, capacity 4806K, committed 4912K, reserved 1048576K
}
Event: 12.733 GC heap before
{Heap before GC invocations=14 (full 0):
 garbage-first heap   total 131072K, used 109214K [0x00000000c0000000, 0x00000000c0100400, 0x0000000100000000)
  region size 1024K, 60 young (61440K), 8 survivors (8192K)
 Metaspace       used 40497K, capacity 42758K, committed 43164K, reserved 1087488K
  class space    used 4192K, capacity 4937K, committed 5040K, reserved 1048576K
Event: 12.754 GC heap after
Heap after GC invocations=15 (full 0):
 garbage-first heap   total 131072K, used 63840K [0x00000000c0000000, 0x00000000c0100400, 0x0000000100000000)
  region size 1024K, 8 young (8192K), 8 survivors (8192K)
 Metaspace       used 40497K, capacity 42758K, committed 43164K, reserved 1087488K
  class space    used 4192K, capacity 4937K, committed 5040K, reserved 1048576K
}
Event: 12.970 GC heap before
{Heap before GC invocations=15 (full 0):
 garbage-first heap   total 131072K, used 108896K [0x00000000c0000000, 0x00000000c0100400, 0x0000000100000000)
  region size 1024K, 52 young (53248K), 8 survivors (8192K)
 Metaspace       used 40501K, capacity 42758K, committed 43164K, reserved 1087488K
  class space    used 4192K, capacity 4937K, committed 5040K, reserved 1048576K
Event: 12.988 GC heap after
Heap after GC invocations=16 (full 0):
 garbage-first heap   total 131072K, used 69471K [0x00000000c0000000, 0x00000000c0100400, 0x0000000100000000)
  region size 1024K, 6 young (6144K), 6 survivors (6144K)
 Metaspace       used 40501K, capacity 42758K, committed 43164K, reserved 1087488K
  class space    used 4192K, capacity 4937K, committed 5040K, reserved 1048576K
}
Event: 13.427 GC heap before
{Heap before GC invocations=16 (full 0):
 garbage-first heap   total 131072K, used 104287K [0x00000000c0000000, 0x00000000c0100400, 0x0000000100000000)
  region size 1024K, 41 young (41984K), 6 survivors (6144K)
 Metaspace       used 40993K, capacity 43238K, committed 43420K, reserved 1087488K
  class space    used 4231K, capacity 4969K, committed 5040K, reserved 1048576K
Event: 13.446 GC heap after
Heap after GC invocations=17 (full 0):
 garbage-first heap   total 131072K, used 75104K [0x00000000c0000000, 0x00000000c0100400, 0x0000000100000000)
  region size 1024K, 5 young (5120K), 5 survivors (5120K)
 Metaspace       used 40993K, capacity 43238K, committed 43420K, reserved 1087488K
  class space    used 4231K, capacity 4969K, committed 5040K, reserved 1048576K
}
Event: 13.795 GC heap before
{Heap before GC invocations=18 (full 0):
 garbage-first heap   total 131072K, used 112672K [0x00000000c0000000, 0x00000000c0100400, 0x0000000100000000)
  region size 1024K, 41 young (41984K), 5 survivors (5120K)
 Metaspace       used 41007K, capacity 43238K, committed 43420K, reserved 1087488K
  class space    used 4232K, capacity 4969K, committed 5040K, reserved 1048576K
Event: 13.813 GC heap after
Heap after GC invocations=19 (full 0):
 garbage-first heap   total 131072K, used 81440K [0x00000000c0000000, 0x00000000c0100400, 0x0000000100000000)
  region size 1024K, 6 young (6144K), 6 survivors (6144K)
 Metaspace       used 41007K, capacity 43238K, committed 43420K, reserved 1087488K
  class space    used 4232K, capacity 4969K, committed 5040K, reserved 1048576K
}
Event: 13.827 GC heap before
{Heap before GC invocations=19 (full 0):
 garbage-first heap   total 131072K, used 82464K [0x00000000c0000000, 0x00000000c0100400, 0x0000000100000000)
  region size 1024K, 7 young (7168K), 6 survivors (6144K)
 Metaspace       used 41007K, capacity 43238K, committed 43420K, reserved 1087488K
  class space    used 4232K, capacity 4969K, committed 5040K, reserved 1048576K
Event: 13.849 GC heap after
Heap after GC invocations=20 (full 0):
 garbage-first heap   total 131072K, used 71712K [0x00000000c0000000, 0x00000000c0100400, 0x0000000100000000)
  region size 1024K, 1 young (1024K), 1 survivors (1024K)
 Metaspace       used 41007K, capacity 43238K, committed 43420K, reserved 1087488K
  class space    used 4232K, capacity 4969K, committed 5040K, reserved 1048576K
}
Event: 13.888 GC heap before
{Heap before GC invocations=20 (full 0):
 garbage-first heap   total 131072K, used 76832K [0x00000000c0000000, 0x00000000c0100400, 0x0000000100000000)
  region size 1024K, 6 young (6144K), 1 survivors (1024K)
 Metaspace       used 41007K, capacity 43238K, committed 43420K, reserved 1087488K
  class space    used 4232K, capacity 4969K, committed 5040K, reserved 1048576K
Event: 13.901 GC heap after
Heap after GC invocations=21 (full 0):
 garbage-first heap   total 131072K, used 71200K [0x00000000c0000000, 0x00000000c0100400, 0x0000000100000000)
  region size 1024K, 1 young (1024K), 1 survivors (1024K)
 Metaspace       used 41007K, capacity 43238K, committed 43420K, reserved 1087488K
  class space    used 4232K, capacity 4969K, committed 5040K, reserved 1048576K
}
Event: 14.094 GC heap before
{Heap before GC invocations=21 (full 0):
 garbage-first heap   total 131072K, used 112160K [0x00000000c0000000, 0x00000000c0100400, 0x0000000100000000)
  region size 1024K, 41 young (41984K), 1 survivors (1024K)
 Metaspace       used 41007K, capacity 43238K, committed 43420K, reserved 1087488K
  class space    used 4232K, capacity 4969K, committed 5040K, reserved 1048576K
Event: 14.108 GC heap after
Heap after GC invocations=22 (full 0):
 garbage-first heap   total 131072K, used 75682K [0x00000000c0000000, 0x00000000c0100400, 0x0000000100000000)
  region size 1024K, 6 young (6144K), 6 survivors (6144K)
 Metaspace       used 41007K, capacity 43238K, committed 43420K, reserved 1087488K
  class space    used 4232K, capacity 4969K, committed 5040K, reserved 1048576K
}
Event: 14.362 GC heap before
{Heap before GC invocations=22 (full 0):
 garbage-first heap   total 131072K, used 110498K [0x00000000c0000000, 0x00000000c0100400, 0x0000000100000000)
  region size 1024K, 40 young (40960K), 6 survivors (6144K)
 Metaspace       used 41548K, capacity 43794K, committed 43932K, reserved 1087488K
  class space    used 4283K, capacity 5003K, committed 5040K, reserved 1048576K
Event: 14.379 GC heap after
Heap after GC invocations=23 (full 0):
 garbage-first heap   total 131072K, used 79794K [0x00000000c0000000, 0x00000000c0100400, 0x0000000100000000)
  region size 1024K, 5 young (5120K), 5 survivors (5120K)
 Metaspace       used 41548K, capacity 43794K, committed 43932K, reserved 1087488K
  class space    used 4283K, capacity 5003K, committed 5040K, reserved 1048576K
}
Event: 14.777 GC heap before
{Heap before GC invocations=24 (full 0):
 garbage-first heap   total 131072K, used 110674K [0x00000000c0000000, 0x00000000c0100400, 0x0000000100000000)
  region size 1024K, 36 young (36864K), 5 survivors (5120K)
 Metaspace       used 41548K, capacity 43794K, committed 43932K, reserved 1087488K
  class space    used 4283K, capacity 5003K, committed 5040K, reserved 1048576K
Event: 14.797 GC heap after
Heap after GC invocations=25 (full 0):
 garbage-first heap   total 131072K, used 84160K [0x00000000c0000000, 0x00000000c0100400, 0x0000000100000000)
  region size 1024K, 5 young (5120K), 5 survivors (5120K)
 Metaspace       used 41548K, capacity 43794K, committed 43932K, reserved 1087488K
  class space    used 4283K, capacity 5003K, committed 5040K, reserved 1048576K
}
Event: 14.802 GC heap before
{Heap before GC invocations=25 (full 0):
 garbage-first heap   total 131072K, used 85184K [0x00000000c0000000, 0x00000000c0100400, 0x0000000100000000)
  region size 1024K, 6 young (6144K), 5 survivors (5120K)
 Metaspace       used 41548K, capacity 43794K, committed 43932K, reserved 1087488K
  class space    used 4283K, capacity 5003K, committed 5040K, reserved 1048576K
Event: 14.825 GC heap after
Heap after GC invocations=26 (full 0):
 garbage-first heap   total 131072K, used 81088K [0x00000000c0000000, 0x00000000c0100400, 0x0000000100000000)
  region size 1024K, 1 young (1024K), 1 survivors (1024K)
 Metaspace       used 41548K, capacity 43794K, committed 43932K, reserved 1087488K
  class space    used 4283K, capacity 5003K, committed 5040K, reserved 1048576K
}
Event: 15.046 GC heap before
{Heap before GC invocations=26 (full 0):
 garbage-first heap   total 131072K, used 112832K [0x00000000c0000000, 0x00000000c0100400, 0x0000000100000000)
  region size 1024K, 32 young (32768K), 1 survivors (1024K)
 Metaspace       used 41555K, capacity 43794K, committed 43932K, reserved 1087488K
  class space    used 4283K, capacity 5003K, committed 5040K, reserved 1048576K
Event: 15.061 GC heap after
Heap after GC invocations=27 (full 0):
 garbage-first heap   total 131072K, used 85184K [0x00000000c0000000, 0x00000000c0100400, 0x0000000100000000)
  region size 1024K, 4 young (4096K), 4 survivors (4096K)
 Metaspace       used 41555K, capacity 43794K, committed 43932K, reserved 1087488K
  class space    used 4283K, capacity 5003K, committed 5040K, reserved 1048576K
}
Event: 15.194 GC heap before
{Heap before GC invocations=27 (full 0):
 garbage-first heap   total 131072K, used 112832K [0x00000000c0000000, 0x00000000c0100400, 0x0000000100000000)
  region size 1024K, 31 young (31744K), 4 survivors (4096K)
 Metaspace       used 41589K, capacity 43794K, committed 43932K, reserved 1087488K
  class space    used 4287K, capacity 5003K, committed 5040K, reserved 1048576K
Event: 15.209 GC heap after
Heap after GC invocations=28 (full 0):
 garbage-first heap   total 131072K, used 89776K [0x00000000c0000000, 0x00000000c0100400, 0x0000000100000000)
  region size 1024K, 4 young (4096K), 4 survivors (4096K)
 Metaspace       used 41589K, capacity 43794K, committed 43932K, reserved 1087488K
  class space    used 4287K, capacity 5003K, committed 5040K, reserved 1048576K
}
Event: 15.311 GC heap before
{Heap before GC invocations=28 (full 0):
 garbage-first heap   total 131072K, used 113328K [0x00000000c0000000, 0x00000000c0100400, 0x0000000100000000)
  region size 1024K, 27 young (27648K), 4 survivors (4096K)
 Metaspace       used 41589K, capacity 43794K, committed 43932K, reserved 1087488K
  class space    used 4287K, capacity 5003K, committed 5040K, reserved 1048576K
Event: 15.328 GC heap after
Heap after GC invocations=29 (full 0):
 garbage-first heap   total 131072K, used 94400K [0x00000000c0000000, 0x00000000c0100400, 0x0000000100000000)
  region size 1024K, 4 young (4096K), 4 survivors (4096K)
 Metaspace       used 41589K, capacity 43794K, committed 43932K, reserved 1087488K
  class space    used 4287K, capacity 5003K, committed 5040K, reserved 1048576K
}
Event: 15.415 GC heap before
{Heap before GC invocations=29 (full 0):
 garbage-first heap   total 131072K, used 112832K [0x00000000c0000000, 0x00000000c0100400, 0x0000000100000000)
  region size 1024K, 22 young (22528K), 4 survivors (4096K)
 Metaspace       used 41589K, capacity 43794K, committed 43932K, reserved 1087488K
  class space    used 4287K, capacity 5003K, committed 5040K, reserved 1048576K
Event: 15.437 GC heap after
Heap after GC invocations=30 (full 0):
 garbage-first heap   total 131072K, used 97815K [0x00000000c0000000, 0x00000000c0100400, 0x0000000100000000)
  region size 1024K, 3 young (3072K), 3 survivors (3072K)
 Metaspace       used 41589K, capacity 43794K, committed 43932K, reserved 1087488K
  class space    used 4287K, capacity 5003K, committed 5040K, reserved 1048576K
}
Event: 15.513 GC heap before
{Heap before GC invocations=31 (full 0):
 garbage-first heap   total 131072K, used 115223K [0x00000000c0000000, 0x00000000c0100400, 0x0000000100000000)
  region size 1024K, 19 young (19456K), 3 survivors (3072K)
 Metaspace       used 41654K, capacity 43858K, committed 44188K, reserved 1089536K
  class space    used 4294K, capacity 5003K, committed 5040K, reserved 1048576K
Event: 15.531 GC heap after
Heap after GC invocations=32 (full 0):
 garbage-first heap   total 262144K, used 102015K [0x00000000c0000000, 0x00000000c0100800, 0x0000000100000000)
  region size 1024K, 3 young (3072K), 3 survivors (3072K)
 Metaspace       used 41654K, capacity 43858K, committed 44188K, reserved 1089536K
  class space    used 4294K, capacity 5003K, committed 5040K, reserved 1048576K
}
Event: 16.065 GC heap before
{Heap before GC invocations=32 (full 0):
 garbage-first heap   total 262144K, used 224255K [0x00000000c0000000, 0x00000000c0100800, 0x0000000100000000)
  region size 1024K, 119 young (121856K), 3 survivors (3072K)
 Metaspace       used 41655K, capacity 43858K, committed 44188K, reserved 1089536K
  class space    used 4294K, capacity 5003K, committed 5040K, reserved 1048576K

