# JRE version: OpenJDK Runtime Environment (8.0_201-b09) (build 1.8.0_201-2-redhat-b09)
# Java VM: OpenJDK 64-Bit Server VM (25.201-b09 mixed mode windows-amd64 compressed oops)
Heap:
 garbage-first heap   total 207872K, used 129025K [0x00000000c0000000, 0x00000000c0100658, 0x0000000100000000)
  region size 1024K, 34 young (34816K), 7 survivors (7168K)
 Metaspace       used 43823K, capacity 46092K, committed 46460K, reserved 1091584K
  class space    used 4469K, capacity 5207K, committed 5244K, reserved 1048576K
GC Heap History (24 events):
Event: 1.563 GC heap before
{Heap before GC invocations=0 (full 0):
 garbage-first heap   total 131072K, used 14336K [0x00000000c0000000, 0x00000000c0100400, 0x0000000100000000)
  region size 1024K, 14 young (14336K), 0 survivors (0K)
 Metaspace       used 7064K, capacity 7252K, committed 7424K, reserved 1056768K
  class space    used 663K, capacity 695K, committed 768K, reserved 1048576K
Event: 1.570 GC heap after
Heap after GC invocations=1 (full 0):
 garbage-first heap   total 131072K, used 3485K [0x00000000c0000000, 0x00000000c0100400, 0x0000000100000000)
  region size 1024K, 2 young (2048K), 2 survivors (2048K)
 Metaspace       used 7064K, capacity 7252K, committed 7424K, reserved 1056768K
  class space    used 663K, capacity 695K, committed 768K, reserved 1048576K
}
Event: 2.562 GC heap before
{Heap before GC invocations=1 (full 0):
 garbage-first heap   total 131072K, used 19869K [0x00000000c0000000, 0x00000000c0100400, 0x0000000100000000)
  region size 1024K, 18 young (18432K), 2 survivors (2048K)
 Metaspace       used 10481K, capacity 10754K, committed 10880K, reserved 1058816K
  class space    used 997K, capacity 1067K, committed 1152K, reserved 1048576K
Event: 2.575 GC heap after
Heap after GC invocations=2 (full 0):
 garbage-first heap   total 131072K, used 9378K [0x00000000c0000000, 0x00000000c0100400, 0x0000000100000000)
  region size 1024K, 3 young (3072K), 3 survivors (3072K)
 Metaspace       used 10481K, capacity 10754K, committed 10880K, reserved 1058816K
  class space    used 997K, capacity 1067K, committed 1152K, reserved 1048576K
}
Event: 3.269 GC heap before
{Heap before GC invocations=2 (full 0):
 garbage-first heap   total 131072K, used 28834K [0x00000000c0000000, 0x00000000c0100400, 0x0000000100000000)
  region size 1024K, 22 young (22528K), 3 survivors (3072K)
 Metaspace       used 16921K, capacity 17674K, committed 17792K, reserved 1064960K
  class space    used 1533K, capacity 1805K, committed 1920K, reserved 1048576K
Event: 3.283 GC heap after
Heap after GC invocations=3 (full 0):
 garbage-first heap   total 131072K, used 16384K [0x00000000c0000000, 0x00000000c0100400, 0x0000000100000000)
  region size 1024K, 3 young (3072K), 3 survivors (3072K)
 Metaspace       used 16921K, capacity 17674K, committed 17792K, reserved 1064960K
  class space    used 1533K, capacity 1805K, committed 1920K, reserved 1048576K
}
Event: 4.175 GC heap before
{Heap before GC invocations=3 (full 0):
 garbage-first heap   total 131072K, used 47104K [0x00000000c0000000, 0x00000000c0100400, 0x0000000100000000)
  region size 1024K, 34 young (34816K), 3 survivors (3072K)
 Metaspace       used 20387K, capacity 21238K, committed 21296K, reserved 1069056K
  class space    used 1988K, capacity 2316K, committed 2352K, reserved 1048576K
Event: 4.189 GC heap after
Heap after GC invocations=4 (full 0):
 garbage-first heap   total 131072K, used 21060K [0x00000000c0000000, 0x00000000c0100400, 0x0000000100000000)
  region size 1024K, 8 young (8192K), 8 survivors (8192K)
 Metaspace       used 20387K, capacity 21238K, committed 21296K, reserved 1069056K
  class space    used 1988K, capacity 2316K, committed 2352K, reserved 1048576K
}
Event: 5.770 GC heap before
{Heap before GC invocations=5 (full 0):
 garbage-first heap   total 131072K, used 85572K [0x00000000c0000000, 0x00000000c0100400, 0x0000000100000000)
  region size 1024K, 76 young (77824K), 8 survivors (8192K)
 Metaspace       used 28877K, capacity 30408K, committed 30768K, reserved 1077248K
  class space    used 2989K, capacity 3564K, committed 3632K, reserved 1048576K
Event: 5.795 GC heap after
Heap after GC invocations=6 (full 0):
 garbage-first heap   total 131072K, used 25920K [0x00000000c0000000, 0x00000000c0100400, 0x0000000100000000)
  region size 1024K, 10 young (10240K), 10 survivors (10240K)
 Metaspace       used 28877K, capacity 30408K, committed 30768K, reserved 1077248K
  class space    used 2989K, capacity 3564K, committed 3632K, reserved 1048576K
}
Event: 6.604 GC heap before
{Heap before GC invocations=6 (full 0):
 garbage-first heap   total 131072K, used 55616K [0x00000000c0000000, 0x00000000c0100400, 0x0000000100000000)
  region size 1024K, 40 young (40960K), 10 survivors (10240K)
 Metaspace       used 33837K, capacity 35810K, committed 35920K, reserved 1081344K
  class space    used 3555K, capacity 4218K, committed 4272K, reserved 1048576K
Event: 6.627 GC heap after
Heap after GC invocations=7 (full 0):
 garbage-first heap   total 131072K, used 31743K [0x00000000c0000000, 0x00000000c0100400, 0x0000000100000000)
  region size 1024K, 6 young (6144K), 6 survivors (6144K)
 Metaspace       used 33837K, capacity 35810K, committed 35920K, reserved 1081344K
  class space    used 3555K, capacity 4218K, committed 4272K, reserved 1048576K
}
Event: 11.286 GC heap before
{Heap before GC invocations=8 (full 0):
 garbage-first heap   total 131072K, used 96255K [0x00000000c0000000, 0x00000000c0100400, 0x0000000100000000)
  region size 1024K, 76 young (77824K), 6 survivors (6144K)
 Metaspace       used 41158K, capacity 43398K, committed 43772K, reserved 1087488K
  class space    used 4295K, capacity 5030K, committed 5116K, reserved 1048576K
Event: 11.305 GC heap after
Heap after GC invocations=9 (full 0):
 garbage-first heap   total 131072K, used 31232K [0x00000000c0000000, 0x00000000c0100400, 0x0000000100000000)
  region size 1024K, 10 young (10240K), 10 survivors (10240K)
 Metaspace       used 41158K, capacity 43398K, committed 43772K, reserved 1087488K
  class space    used 4295K, capacity 5030K, committed 5116K, reserved 1048576K
}
Event: 107.470 GC heap before
{Heap before GC invocations=9 (full 0):
 garbage-first heap   total 131072K, used 74240K [0x00000000c0000000, 0x00000000c0100400, 0x0000000100000000)
  region size 1024K, 35 young (35840K), 10 survivors (10240K)
 Metaspace       used 42814K, capacity 45128K, committed 45436K, reserved 1089536K
  class space    used 4429K, capacity 5169K, committed 5244K, reserved 1048576K
Event: 107.488 GC heap after
Heap after GC invocations=10 (full 0):
 garbage-first heap   total 131072K, used 30719K [0x00000000c0000000, 0x00000000c0100400, 0x0000000100000000)
  region size 1024K, 7 young (7168K), 7 survivors (7168K)
 Metaspace       used 42814K, capacity 45128K, committed 45436K, reserved 1089536K
  class space    used 4429K, capacity 5169K, committed 5244K, reserved 1048576K
}
Event: 168.292 GC heap before
{Heap before GC invocations=11 (full 0):
 garbage-first heap   total 155648K, used 101376K [0x00000000c0000000, 0x00000000c01004c0, 0x0000000100000000)
  region size 1024K, 25 young (25600K), 7 survivors (7168K)
 Metaspace       used 43262K, capacity 45580K, committed 45948K, reserved 1089536K
  class space    used 4457K, capacity 5207K, committed 5244K, reserved 1048576K
Event: 168.307 GC heap after
Heap after GC invocations=12 (full 0):
 garbage-first heap   total 161792K, used 28160K [0x00000000c0000000, 0x00000000c01004f0, 0x0000000100000000)
  region size 1024K, 6 young (6144K), 6 survivors (6144K)
 Metaspace       used 43262K, capacity 45580K, committed 45948K, reserved 1089536K
  class space    used 4457K, capacity 5207K, committed 5244K, reserved 1048576K
}
Event: 194.404 GC heap before
{Heap before GC invocations=12 (full 0):
 garbage-first heap   total 161792K, used 59904K [0x00000000c0000000, 0x00000000c01004f0, 0x0000000100000000)
  region size 1024K, 14 young (14336K), 6 survivors (6144K)
 Metaspace       used 43372K, capacity 45708K, committed 45948K, reserved 1089536K
  class space    used 4457K, capacity 5207K, committed 5244K, reserved 1048576K
Event: 194.422 GC heap after
Heap after GC invocations=13 (full 0):
 garbage-first heap   total 161792K, used 27647K [0x00000000c0000000, 0x00000000c01004f0, 0x0000000100000000)
  region size 1024K, 6 young (6144K), 6 survivors (6144K)
 Metaspace       used 43372K, capacity 45708K, committed 45948K, reserved 1089536K
  class space    used 4457K, capacity 5207K, committed 5244K, reserved 1048576K
}
Event: 282.747 GC heap before
{Heap before GC invocations=14 (full 0):
 garbage-first heap   total 190464K, used 119809K [0x00000000c0000000, 0x00000000c01005d0, 0x0000000100000000)
  region size 1024K, 27 young (27648K), 6 survivors (6144K)
 Metaspace       used 43554K, capacity 45836K, committed 46204K, reserved 1089536K
  class space    used 4457K, capacity 5207K, committed 5244K, reserved 1048576K
Event: 282.762 GC heap after
Heap after GC invocations=15 (full 0):
 garbage-first heap   total 197632K, used 28671K [0x00000000c0000000, 0x00000000c0100608, 0x0000000100000000)
  region size 1024K, 7 young (7168K), 7 survivors (7168K)
 Metaspace       used 43554K, capacity 45836K, committed 46204K, reserved 1089536K
  class space    used 4457K, capacity 5207K, committed 5244K, reserved 1048576K
}
Event: 319.426 GC heap before
{Heap before GC invocations=15 (full 0):
 garbage-first heap   total 197632K, used 72704K [0x00000000c0000000, 0x00000000c0100608, 0x0000000100000000)
  region size 1024K, 18 young (18432K), 7 survivors (7168K)
 Metaspace       used 43621K, capacity 45900K, committed 46204K, reserved 1089536K
  class space    used 4457K, capacity 5207K, committed 5244K, reserved 1048576K
Event: 319.440 GC heap after
Heap after GC invocations=16 (full 0):
 garbage-first heap   total 197632K, used 28671K [0x00000000c0000000, 0x00000000c0100608, 0x0000000100000000)
  region size 1024K, 7 young (7168K), 7 survivors (7168K)
 Metaspace       used 43621K, capacity 45900K, committed 46204K, reserved 1089536K
  class space    used 4457K, capacity 5207K, committed 5244K, reserved 1048576K
}

