# JRE version: OpenJDK Runtime Environment (8.0_201-b09) (build 1.8.0_201-2-redhat-b09)
# Java VM: OpenJDK 64-Bit Server VM (25.201-b09 mixed mode windows-amd64 compressed oops)
Heap:
 garbage-first heap   total 262144K, used 99350K [0x00000000c0000000, 0x00000000c0100800, 0x0000000100000000)
  region size 1024K, 3 young (3072K), 3 survivors (3072K)
 Metaspace       used 42026K, capacity 44274K, committed 44540K, reserved 1089536K
  class space    used 4342K, capacity 5035K, committed 5116K, reserved 1048576K
GC Heap History (53 events):
Event: 1.320 GC heap before
{Heap before GC invocations=0 (full 0):
 garbage-first heap   total 131072K, used 14336K [0x00000000c0000000, 0x00000000c0100400, 0x0000000100000000)
  region size 1024K, 14 young (14336K), 0 survivors (0K)
 Metaspace       used 7056K, capacity 7252K, committed 7424K, reserved 1056768K
  class space    used 663K, capacity 695K, committed 768K, reserved 1048576K
Event: 1.327 GC heap after
Heap after GC invocations=1 (full 0):
 garbage-first heap   total 131072K, used 3460K [0x00000000c0000000, 0x00000000c0100400, 0x0000000100000000)
  region size 1024K, 2 young (2048K), 2 survivors (2048K)
 Metaspace       used 7056K, capacity 7252K, committed 7424K, reserved 1056768K
  class space    used 663K, capacity 695K, committed 768K, reserved 1048576K
}
Event: 2.681 GC heap before
{Heap before GC invocations=1 (full 0):
 garbage-first heap   total 131072K, used 19844K [0x00000000c0000000, 0x00000000c0100400, 0x0000000100000000)
  region size 1024K, 18 young (18432K), 2 survivors (2048K)
 Metaspace       used 10463K, capacity 10754K, committed 10880K, reserved 1058816K
  class space    used 997K, capacity 1067K, committed 1152K, reserved 1048576K
Event: 2.694 GC heap after
Heap after GC invocations=2 (full 0):
 garbage-first heap   total 131072K, used 9374K [0x00000000c0000000, 0x00000000c0100400, 0x0000000100000000)
  region size 1024K, 3 young (3072K), 3 survivors (3072K)
 Metaspace       used 10463K, capacity 10754K, committed 10880K, reserved 1058816K
  class space    used 997K, capacity 1067K, committed 1152K, reserved 1048576K
}
Event: 3.365 GC heap before
{Heap before GC invocations=2 (full 0):
 garbage-first heap   total 131072K, used 29854K [0x00000000c0000000, 0x00000000c0100400, 0x0000000100000000)
  region size 1024K, 23 young (23552K), 3 survivors (3072K)
 Metaspace       used 16909K, capacity 17674K, committed 17792K, reserved 1064960K
  class space    used 1533K, capacity 1805K, committed 1920K, reserved 1048576K
Event: 3.379 GC heap after
Heap after GC invocations=3 (full 0):
 garbage-first heap   total 131072K, used 16384K [0x00000000c0000000, 0x00000000c0100400, 0x0000000100000000)
  region size 1024K, 3 young (3072K), 3 survivors (3072K)
 Metaspace       used 16909K, capacity 17674K, committed 17792K, reserved 1064960K
  class space    used 1533K, capacity 1805K, committed 1920K, reserved 1048576K
}
Event: 4.045 GC heap before
{Heap before GC invocations=3 (full 0):
 garbage-first heap   total 131072K, used 46080K [0x00000000c0000000, 0x00000000c0100400, 0x0000000100000000)
  region size 1024K, 33 young (33792K), 3 survivors (3072K)
 Metaspace       used 20382K, capacity 21238K, committed 21296K, reserved 1069056K
  class space    used 1986K, capacity 2316K, committed 2352K, reserved 1048576K
Event: 4.056 GC heap after
Heap after GC invocations=4 (full 0):
 garbage-first heap   total 131072K, used 19967K [0x00000000c0000000, 0x00000000c0100400, 0x0000000100000000)
  region size 1024K, 7 young (7168K), 7 survivors (7168K)
 Metaspace       used 20382K, capacity 21238K, committed 21296K, reserved 1069056K
  class space    used 1986K, capacity 2316K, committed 2352K, reserved 1048576K
}
Event: 5.293 GC heap before
{Heap before GC invocations=5 (full 0):
 garbage-first heap   total 131072K, used 86527K [0x00000000c0000000, 0x00000000c0100400, 0x0000000100000000)
  region size 1024K, 76 young (77824K), 7 survivors (7168K)
 Metaspace       used 29176K, capacity 30736K, committed 31024K, reserved 1077248K
  class space    used 3026K, capacity 3606K, committed 3632K, reserved 1048576K
Event: 5.317 GC heap after
Heap after GC invocations=6 (full 0):
 garbage-first heap   total 131072K, used 27511K [0x00000000c0000000, 0x00000000c0100400, 0x0000000100000000)
  region size 1024K, 10 young (10240K), 10 survivors (10240K)
 Metaspace       used 29176K, capacity 30736K, committed 31024K, reserved 1077248K
  class space    used 3026K, capacity 3606K, committed 3632K, reserved 1048576K
}
Event: 6.029 GC heap before
{Heap before GC invocations=6 (full 0):
 garbage-first heap   total 131072K, used 45943K [0x00000000c0000000, 0x00000000c0100400, 0x0000000100000000)
  region size 1024K, 29 young (29696K), 10 survivors (10240K)
 Metaspace       used 33689K, capacity 35812K, committed 35920K, reserved 1081344K
  class space    used 3518K, capacity 4221K, committed 4272K, reserved 1048576K
Event: 6.052 GC heap after
Heap after GC invocations=7 (full 0):
 garbage-first heap   total 131072K, used 34303K [0x00000000c0000000, 0x00000000c0100400, 0x0000000100000000)
  region size 1024K, 7 young (7168K), 7 survivors (7168K)
 Metaspace       used 33689K, capacity 35812K, committed 35920K, reserved 1081344K
  class space    used 3518K, capacity 4221K, committed 4272K, reserved 1048576K
}
Event: 8.591 GC heap before
{Heap before GC invocations=8 (full 0):
 garbage-first heap   total 131072K, used 96767K [0x00000000c0000000, 0x00000000c0100400, 0x0000000100000000)
  region size 1024K, 76 young (77824K), 7 survivors (7168K)
 Metaspace       used 39313K, capacity 41496K, committed 41724K, reserved 1085440K
  class space    used 4098K, capacity 4788K, committed 4860K, reserved 1048576K
Event: 8.607 GC heap after
Heap after GC invocations=9 (full 0):
 garbage-first heap   total 131072K, used 31232K [0x00000000c0000000, 0x00000000c0100400, 0x0000000100000000)
  region size 1024K, 10 young (10240K), 10 survivors (10240K)
 Metaspace       used 39313K, capacity 41496K, committed 41724K, reserved 1085440K
  class space    used 4098K, capacity 4788K, committed 4860K, reserved 1048576K
}
Event: 9.635 GC heap before
{Heap before GC invocations=9 (full 0):
 garbage-first heap   total 131072K, used 98816K [0x00000000c0000000, 0x00000000c0100400, 0x0000000100000000)
  region size 1024K, 76 young (77824K), 10 survivors (10240K)
 Metaspace       used 39429K, capacity 41560K, committed 41724K, reserved 1085440K
  class space    used 4101K, capacity 4788K, committed 4860K, reserved 1048576K
Event: 9.655 GC heap after
Heap after GC invocations=10 (full 0):
 garbage-first heap   total 131072K, used 36864K [0x00000000c0000000, 0x00000000c0100400, 0x0000000100000000)
  region size 1024K, 10 young (10240K), 10 survivors (10240K)
 Metaspace       used 39429K, capacity 41560K, committed 41724K, reserved 1085440K
  class space    used 4101K, capacity 4788K, committed 4860K, reserved 1048576K
}
Event: 10.449 GC heap before
{Heap before GC invocations=10 (full 0):
 garbage-first heap   total 131072K, used 104448K [0x00000000c0000000, 0x00000000c0100400, 0x0000000100000000)
  region size 1024K, 76 young (77824K), 10 survivors (10240K)
 Metaspace       used 40158K, capacity 42316K, committed 42620K, reserved 1087488K
  class space    used 4182K, capacity 4888K, committed 4988K, reserved 1048576K
Event: 10.481 GC heap after
Heap after GC invocations=11 (full 0):
 garbage-first heap   total 131072K, used 47103K [0x00000000c0000000, 0x00000000c0100400, 0x0000000100000000)
  region size 1024K, 9 young (9216K), 9 survivors (9216K)
 Metaspace       used 40158K, capacity 42316K, committed 42620K, reserved 1087488K
  class space    used 4182K, capacity 4888K, committed 4988K, reserved 1048576K
}
Event: 11.170 GC heap before
{Heap before GC invocations=11 (full 0):
 garbage-first heap   total 131072K, used 109407K [0x00000000c0000000, 0x00000000c0100400, 0x0000000100000000)
  region size 1024K, 69 young (70656K), 9 survivors (9216K)
 Metaspace       used 40856K, capacity 43186K, committed 43388K, reserved 1087488K
  class space    used 4241K, capacity 4971K, committed 4988K, reserved 1048576K
Event: 11.199 GC heap after
Heap after GC invocations=12 (full 0):
 garbage-first heap   total 131072K, used 54624K [0x00000000c0000000, 0x00000000c0100400, 0x0000000100000000)
  region size 1024K, 8 young (8192K), 8 survivors (8192K)
 Metaspace       used 40856K, capacity 43186K, committed 43388K, reserved 1087488K
  class space    used 4241K, capacity 4971K, committed 4988K, reserved 1048576K
}
Event: 11.708 GC heap before
{Heap before GC invocations=12 (full 0):
 garbage-first heap   total 131072K, used 108896K [0x00000000c0000000, 0x00000000c0100400, 0x0000000100000000)
  region size 1024K, 61 young (62464K), 8 survivors (8192K)
 Metaspace       used 40985K, capacity 43250K, committed 43388K, reserved 1087488K
  class space    used 4242K, capacity 4971K, committed 4988K, reserved 1048576K
Event: 11.729 GC heap after
Heap after GC invocations=13 (full 0):
 garbage-first heap   total 131072K, used 61279K [0x00000000c0000000, 0x00000000c0100400, 0x0000000100000000)
  region size 1024K, 6 young (6144K), 6 survivors (6144K)
 Metaspace       used 40985K, capacity 43250K, committed 43388K, reserved 1087488K
  class space    used 4242K, capacity 4971K, committed 4988K, reserved 1048576K
}
Event: 12.146 GC heap before
{Heap before GC invocations=13 (full 0):
 garbage-first heap   total 131072K, used 111455K [0x00000000c0000000, 0x00000000c0100400, 0x0000000100000000)
  region size 1024K, 55 young (56320K), 6 survivors (6144K)
 Metaspace       used 41770K, capacity 44018K, committed 44284K, reserved 1089536K
  class space    used 4314K, capacity 5035K, committed 5116K, reserved 1048576K
Event: 12.166 GC heap after
Heap after GC invocations=14 (full 0):
 garbage-first heap   total 131072K, used 68960K [0x00000000c0000000, 0x00000000c0100400, 0x0000000100000000)
  region size 1024K, 7 young (7168K), 7 survivors (7168K)
 Metaspace       used 41770K, capacity 44018K, committed 44284K, reserved 1089536K
  class space    used 4314K, capacity 5035K, committed 5116K, reserved 1048576K
}
Event: 12.616 GC heap before
{Heap before GC invocations=14 (full 0):
 garbage-first heap   total 131072K, used 109920K [0x00000000c0000000, 0x00000000c0100400, 0x0000000100000000)
  region size 1024K, 47 young (48128K), 7 survivors (7168K)
 Metaspace       used 41814K, capacity 44082K, committed 44284K, reserved 1089536K
  class space    used 4319K, capacity 5035K, committed 5116K, reserved 1048576K
Event: 12.636 GC heap after
Heap after GC invocations=15 (full 0):
 garbage-first heap   total 131072K, used 74592K [0x00000000c0000000, 0x00000000c0100400, 0x0000000100000000)
  region size 1024K, 6 young (6144K), 6 survivors (6144K)
 Metaspace       used 41814K, capacity 44082K, committed 44284K, reserved 1089536K
  class space    used 4319K, capacity 5035K, committed 5116K, reserved 1048576K
}
Event: 13.182 GC heap before
{Heap before GC invocations=16 (full 0):
 garbage-first heap   total 131072K, used 113184K [0x00000000c0000000, 0x00000000c0100400, 0x0000000100000000)
  region size 1024K, 42 young (43008K), 6 survivors (6144K)
 Metaspace       used 41911K, capacity 44146K, committed 44284K, reserved 1089536K
  class space    used 4330K, capacity 5035K, committed 5116K, reserved 1048576K
Event: 13.205 GC heap after
Heap after GC invocations=17 (full 0):
 garbage-first heap   total 131072K, used 80928K [0x00000000c0000000, 0x00000000c0100400, 0x0000000100000000)
  region size 1024K, 6 young (6144K), 6 survivors (6144K)
 Metaspace       used 41911K, capacity 44146K, committed 44284K, reserved 1089536K
  class space    used 4330K, capacity 5035K, committed 5116K, reserved 1048576K
}
Event: 13.223 GC heap before
{Heap before GC invocations=17 (full 0):
 garbage-first heap   total 131072K, used 81952K [0x00000000c0000000, 0x00000000c0100400, 0x0000000100000000)
  region size 1024K, 7 young (7168K), 6 survivors (6144K)
 Metaspace       used 41911K, capacity 44146K, committed 44284K, reserved 1089536K
  class space    used 4330K, capacity 5035K, committed 5116K, reserved 1048576K
Event: 13.242 GC heap after
Heap after GC invocations=18 (full 0):
 garbage-first heap   total 131072K, used 70176K [0x00000000c0000000, 0x00000000c0100400, 0x0000000100000000)
  region size 1024K, 1 young (1024K), 1 survivors (1024K)
 Metaspace       used 41911K, capacity 44146K, committed 44284K, reserved 1089536K
  class space    used 4330K, capacity 5035K, committed 5116K, reserved 1048576K
}
Event: 13.463 GC heap before
{Heap before GC invocations=18 (full 0):
 garbage-first heap   total 131072K, used 112160K [0x00000000c0000000, 0x00000000c0100400, 0x0000000100000000)
  region size 1024K, 42 young (43008K), 1 survivors (1024K)
 Metaspace       used 41911K, capacity 44146K, committed 44284K, reserved 1089536K
  class space    used 4330K, capacity 5035K, committed 5116K, reserved 1048576K
Event: 13.477 GC heap after
Heap after GC invocations=19 (full 0):
 garbage-first heap   total 131072K, used 75808K [0x00000000c0000000, 0x00000000c0100400, 0x0000000100000000)
  region size 1024K, 6 young (6144K), 6 survivors (6144K)
 Metaspace       used 41911K, capacity 44146K, committed 44284K, reserved 1089536K
  class space    used 4330K, capacity 5035K, committed 5116K, reserved 1048576K
}
Event: 13.633 GC heap before
{Heap before GC invocations=19 (full 0):
 garbage-first heap   total 131072K, used 110624K [0x00000000c0000000, 0x00000000c0100400, 0x0000000100000000)
  region size 1024K, 40 young (40960K), 6 survivors (6144K)
 Metaspace       used 41911K, capacity 44146K, committed 44284K, reserved 1089536K
  class space    used 4330K, capacity 5035K, committed 5116K, reserved 1048576K
Event: 13.652 GC heap after
Heap after GC invocations=20 (full 0):
 garbage-first heap   total 131072K, used 80386K [0x00000000c0000000, 0x00000000c0100400, 0x0000000100000000)
  region size 1024K, 5 young (5120K), 5 survivors (5120K)
 Metaspace       used 41911K, capacity 44146K, committed 44284K, reserved 1089536K
  class space    used 4330K, capacity 5035K, committed 5116K, reserved 1048576K
}
Event: 14.232 GC heap before
{Heap before GC invocations=21 (full 0):
 garbage-first heap   total 131072K, used 112290K [0x00000000c0000000, 0x00000000c0100400, 0x0000000100000000)
  region size 1024K, 36 young (36864K), 5 survivors (5120K)
 Metaspace       used 42011K, capacity 44210K, committed 44540K, reserved 1089536K
  class space    used 4341K, capacity 5035K, committed 5116K, reserved 1048576K
Event: 14.252 GC heap after
Heap after GC invocations=22 (full 0):
 garbage-first heap   total 131072K, used 84160K [0x00000000c0000000, 0x00000000c0100400, 0x0000000100000000)
  region size 1024K, 5 young (5120K), 5 survivors (5120K)
 Metaspace       used 42011K, capacity 44210K, committed 44540K, reserved 1089536K
  class space    used 4341K, capacity 5035K, committed 5116K, reserved 1048576K
}
Event: 14.292 GC heap before
{Heap before GC invocations=22 (full 0):
 garbage-first heap   total 131072K, used 85184K [0x00000000c0000000, 0x00000000c0100400, 0x0000000100000000)
  region size 1024K, 6 young (6144K), 5 survivors (5120K)
 Metaspace       used 42011K, capacity 44210K, committed 44540K, reserved 1089536K
  class space    used 4341K, capacity 5035K, committed 5116K, reserved 1048576K
Event: 14.312 GC heap after
Heap after GC invocations=23 (full 0):
 garbage-first heap   total 131072K, used 80576K [0x00000000c0000000, 0x00000000c0100400, 0x0000000100000000)
  region size 1024K, 1 young (1024K), 1 survivors (1024K)
 Metaspace       used 42011K, capacity 44210K, committed 44540K, reserved 1089536K
  class space    used 4341K, capacity 5035K, committed 5116K, reserved 1048576K
}
Event: 14.471 GC heap before
{Heap before GC invocations=23 (full 0):
 garbage-first heap   total 131072K, used 112320K [0x00000000c0000000, 0x00000000c0100400, 0x0000000100000000)
  region size 1024K, 32 young (32768K), 1 survivors (1024K)
 Metaspace       used 42016K, capacity 44210K, committed 44540K, reserved 1089536K
  class space    used 4341K, capacity 5035K, committed 5116K, reserved 1048576K
Event: 14.486 GC heap after
Heap after GC invocations=24 (full 0):
 garbage-first heap   total 131072K, used 85696K [0x00000000c0000000, 0x00000000c0100400, 0x0000000100000000)
  region size 1024K, 4 young (4096K), 4 survivors (4096K)
 Metaspace       used 42016K, capacity 44210K, committed 44540K, reserved 1089536K
  class space    used 4341K, capacity 5035K, committed 5116K, reserved 1048576K
}
Event: 14.598 GC heap before
{Heap before GC invocations=24 (full 0):
 garbage-first heap   total 131072K, used 112320K [0x00000000c0000000, 0x00000000c0100400, 0x0000000100000000)
  region size 1024K, 30 young (30720K), 4 survivors (4096K)
 Metaspace       used 42016K, capacity 44210K, committed 44540K, reserved 1089536K
  class space    used 4341K, capacity 5035K, committed 5116K, reserved 1048576K
Event: 14.614 GC heap after
Heap after GC invocations=25 (full 0):
 garbage-first heap   total 131072K, used 90453K [0x00000000c0000000, 0x00000000c0100400, 0x0000000100000000)
  region size 1024K, 4 young (4096K), 4 survivors (4096K)
 Metaspace       used 42016K, capacity 44210K, committed 44540K, reserved 1089536K
  class space    used 4341K, capacity 5035K, committed 5116K, reserved 1048576K
}
Event: 14.697 GC heap before
{Heap before GC invocations=25 (full 0):
 garbage-first heap   total 131072K, used 111957K [0x00000000c0000000, 0x00000000c0100400, 0x0000000100000000)
  region size 1024K, 25 young (25600K), 4 survivors (4096K)
 Metaspace       used 42016K, capacity 44210K, committed 44540K, reserved 1089536K
  class space    used 4341K, capacity 5035K, committed 5116K, reserved 1048576K
Event: 14.715 GC heap after
Heap after GC invocations=26 (full 0):
 garbage-first heap   total 131072K, used 94400K [0x00000000c0000000, 0x00000000c0100400, 0x0000000100000000)
  region size 1024K, 4 young (4096K), 4 survivors (4096K)
 Metaspace       used 42016K, capacity 44210K, committed 44540K, reserved 1089536K
  class space    used 4341K, capacity 5035K, committed 5116K, reserved 1048576K
}
Event: 14.791 GC heap before
{Heap before GC invocations=26 (full 0):
 garbage-first heap   total 131072K, used 111808K [0x00000000c0000000, 0x00000000c0100400, 0x0000000100000000)
  region size 1024K, 21 young (21504K), 4 survivors (4096K)
 Metaspace       used 42017K, capacity 44274K, committed 44540K, reserved 1089536K
  class space    used 4341K, capacity 5035K, committed 5116K, reserved 1048576K
Event: 14.805 GC heap after
Heap after GC invocations=27 (full 0):
 garbage-first heap   total 131072K, used 97472K [0x00000000c0000000, 0x00000000c0100400, 0x0000000100000000)
  region size 1024K, 3 young (3072K), 3 survivors (3072K)
 Metaspace       used 42017K, capacity 44274K, committed 44540K, reserved 1089536K
  class space    used 4341K, capacity 5035K, committed 5116K, reserved 1048576K
}
Event: 14.884 GC heap before
{Heap before GC invocations=28 (full 0):
 garbage-first heap   total 131072K, used 112832K [0x00000000c0000000, 0x00000000c0100400, 0x0000000100000000)
  region size 1024K, 18 young (18432K), 3 survivors (3072K)
 Metaspace       used 42017K, capacity 44274K, committed 44540K, reserved 1089536K
  class space    used 4341K, capacity 5035K, committed 5116K, reserved 1048576K
Event: 14.897 GC heap after
Heap after GC invocations=29 (full 0):
 garbage-first heap   total 131072K, used 101422K [0x00000000c0000000, 0x00000000c0100400, 0x0000000100000000)
  region size 1024K, 3 young (3072K), 3 survivors (3072K)
 Metaspace       used 42017K, capacity 44274K, committed 44540K, reserved 1089536K
  class space    used 4341K, capacity 5035K, committed 5116K, reserved 1048576K
}
Event: 14.909 GC heap before
{Heap before GC invocations=29 (full 0):
 garbage-first heap   total 131072K, used 104494K [0x00000000c0000000, 0x00000000c0100400, 0x0000000100000000)
  region size 1024K, 6 young (6144K), 3 survivors (3072K)
 Metaspace       used 42017K, capacity 44274K, committed 44540K, reserved 1089536K
  class space    used 4341K, capacity 5035K, committed 5116K, reserved 1048576K
Event: 14.926 GC heap after
Heap after GC invocations=30 (full 0):
 garbage-first heap   total 131072K, used 95630K [0x00000000c0000000, 0x00000000c0100400, 0x0000000100000000)
  region size 1024K, 1 young (1024K), 1 survivors (1024K)
 Metaspace       used 42017K, capacity 44274K, committed 44540K, reserved 1089536K
  class space    used 4341K, capacity 5035K, committed 5116K, reserved 1048576K
}
Event: 15.023 GC heap before
{Heap before GC invocations=30 (full 0):
 garbage-first heap   total 131072K, used 114062K [0x00000000c0000000, 0x00000000c0100400, 0x0000000100000000)
  region size 1024K, 19 young (19456K), 1 survivors (1024K)
 Metaspace       used 42026K, capacity 44274K, committed 44540K, reserved 1089536K
  class space    used 4342K, capacity 5035K, committed 5116K, reserved 1048576K
Event: 15.040 GC heap after
Heap after GC invocations=31 (full 0):
 garbage-first heap   total 131072K, used 95835K [0x00000000c0000000, 0x00000000c0100400, 0x0000000100000000)
  region size 1024K, 3 young (3072K), 3 survivors (3072K)
 Metaspace       used 42026K, capacity 44274K, committed 44540K, reserved 1089536K
  class space    used 4342K, capacity 5035K, committed 5116K, reserved 1048576K
}
Event: 15.149 GC heap before
{Heap before GC invocations=31 (full 0):
 garbage-first heap   total 131072K, used 113243K [0x00000000c0000000, 0x00000000c0100400, 0x0000000100000000)
  region size 1024K, 20 young (20480K), 3 survivors (3072K)
 Metaspace       used 42026K, capacity 44274K, committed 44540K, reserved 1089536K
  class space    used 4342K, capacity 5035K, committed 5116K, reserved 1048576K

