# JRE version: OpenJDK Runtime Environment (8.0_201-b09) (build 1.8.0_201-2-redhat-b09)
# Java VM: OpenJDK 64-Bit Server VM (25.201-b09 mixed mode windows-amd64 compressed oops)
Heap:
 garbage-first heap   total 131072K, used 37948K [0x00000000c0000000, 0x00000000c0100400, 0x0000000100000000)
  region size 1024K, 19 young (19456K), 5 survivors (5120K)
 Metaspace       used 36063K, capacity 38238K, committed 38656K, reserved 1083392K
  class space    used 3805K, capacity 4492K, committed 4608K, reserved 1048576K
GC Heap History (12 events):
Event: 1.882 GC heap before
{Heap before GC invocations=0 (full 0):
 garbage-first heap   total 131072K, used 14336K [0x00000000c0000000, 0x00000000c0100400, 0x0000000100000000)
  region size 1024K, 14 young (14336K), 0 survivors (0K)
 Metaspace       used 7061K, capacity 7252K, committed 7424K, reserved 1056768K
  class space    used 663K, capacity 695K, committed 768K, reserved 1048576K
Event: 1.889 GC heap after
Heap after GC invocations=1 (full 0):
 garbage-first heap   total 131072K, used 3451K [0x00000000c0000000, 0x00000000c0100400, 0x0000000100000000)
  region size 1024K, 2 young (2048K), 2 survivors (2048K)
 Metaspace       used 7061K, capacity 7252K, committed 7424K, reserved 1056768K
  class space    used 663K, capacity 695K, committed 768K, reserved 1048576K
}
Event: 3.418 GC heap before
{Heap before GC invocations=1 (full 0):
 garbage-first heap   total 131072K, used 19835K [0x00000000c0000000, 0x00000000c0100400, 0x0000000100000000)
  region size 1024K, 18 young (18432K), 2 survivors (2048K)
 Metaspace       used 10481K, capacity 10754K, committed 10880K, reserved 1058816K
  class space    used 997K, capacity 1067K, committed 1152K, reserved 1048576K
Event: 3.435 GC heap after
Heap after GC invocations=2 (full 0):
 garbage-first heap   total 131072K, used 9084K [0x00000000c0000000, 0x00000000c0100400, 0x0000000100000000)
  region size 1024K, 3 young (3072K), 3 survivors (3072K)
 Metaspace       used 10481K, capacity 10754K, committed 10880K, reserved 1058816K
  class space    used 997K, capacity 1067K, committed 1152K, reserved 1048576K
}
Event: 4.533 GC heap before
{Heap before GC invocations=2 (full 0):
 garbage-first heap   total 131072K, used 28540K [0x00000000c0000000, 0x00000000c0100400, 0x0000000100000000)
  region size 1024K, 22 young (22528K), 3 survivors (3072K)
 Metaspace       used 16886K, capacity 17638K, committed 17664K, reserved 1064960K
  class space    used 1529K, capacity 1771K, committed 1792K, reserved 1048576K
Event: 4.550 GC heap after
Heap after GC invocations=3 (full 0):
 garbage-first heap   total 131072K, used 15872K [0x00000000c0000000, 0x00000000c0100400, 0x0000000100000000)
  region size 1024K, 3 young (3072K), 3 survivors (3072K)
 Metaspace       used 16886K, capacity 17638K, committed 17664K, reserved 1064960K
  class space    used 1529K, capacity 1771K, committed 1792K, reserved 1048576K
}
Event: 5.515 GC heap before
{Heap before GC invocations=3 (full 0):
 garbage-first heap   total 131072K, used 45568K [0x00000000c0000000, 0x00000000c0100400, 0x0000000100000000)
  region size 1024K, 33 young (33792K), 3 survivors (3072K)
 Metaspace       used 20367K, capacity 21170K, committed 21248K, reserved 1069056K
  class space    used 1979K, capacity 2250K, committed 2304K, reserved 1048576K
Event: 5.527 GC heap after
Heap after GC invocations=4 (full 0):
 garbage-first heap   total 131072K, used 19968K [0x00000000c0000000, 0x00000000c0100400, 0x0000000100000000)
  region size 1024K, 7 young (7168K), 7 survivors (7168K)
 Metaspace       used 20367K, capacity 21170K, committed 21248K, reserved 1069056K
  class space    used 1979K, capacity 2250K, committed 2304K, reserved 1048576K
}
Event: 7.546 GC heap before
{Heap before GC invocations=5 (full 0):
 garbage-first heap   total 131072K, used 86015K [0x00000000c0000000, 0x00000000c0100400, 0x0000000100000000)
  region size 1024K, 76 young (77824K), 7 survivors (7168K)
 Metaspace       used 30788K, capacity 32320K, committed 32512K, reserved 1077248K
  class space    used 3223K, capacity 3747K, committed 3840K, reserved 1048576K
Event: 7.577 GC heap after
Heap after GC invocations=6 (full 0):
 garbage-first heap   total 131072K, used 29558K [0x00000000c0000000, 0x00000000c0100400, 0x0000000100000000)
  region size 1024K, 10 young (10240K), 10 survivors (10240K)
 Metaspace       used 30788K, capacity 32320K, committed 32512K, reserved 1077248K
  class space    used 3223K, capacity 3747K, committed 3840K, reserved 1048576K
}
Event: 8.419 GC heap before
{Heap before GC invocations=6 (full 0):
 garbage-first heap   total 131072K, used 58230K [0x00000000c0000000, 0x00000000c0100400, 0x0000000100000000)
  region size 1024K, 39 young (39936K), 10 survivors (10240K)
 Metaspace       used 33769K, capacity 35708K, committed 35840K, reserved 1081344K
  class space    used 3552K, capacity 4215K, committed 4224K, reserved 1048576K
Event: 8.445 GC heap after
Heap after GC invocations=7 (full 0):
 garbage-first heap   total 131072K, used 34876K [0x00000000c0000000, 0x00000000c0100400, 0x0000000100000000)
  region size 1024K, 5 young (5120K), 5 survivors (5120K)
 Metaspace       used 33769K, capacity 35708K, committed 35840K, reserved 1081344K
  class space    used 3552K, capacity 4215K, committed 4224K, reserved 1048576K
}

