# JRE version: OpenJDK Runtime Environment (8.0_201-b09) (build 1.8.0_201-2-redhat-b09)
# Java VM: OpenJDK 64-Bit Server VM (25.201-b09 mixed mode windows-amd64 compressed oops)
Heap:
 garbage-first heap   total 419840K, used 119203K [0x00000000c0000000, 0x00000000c0100cd0, 0x0000000100000000)
  region size 1024K, 16 young (16384K), 16 survivors (16384K)
 Metaspace       used 41750K, capacity 43968K, committed 44284K, reserved 1089536K
  class space    used 4305K, capacity 5038K, committed 5116K, reserved 1048576K
GC Heap History (53 events):
Event: 1.299 GC heap before
{Heap before GC invocations=0 (full 0):
 garbage-first heap   total 131072K, used 14336K [0x00000000c0000000, 0x00000000c0100400, 0x0000000100000000)
  region size 1024K, 14 young (14336K), 0 survivors (0K)
 Metaspace       used 7061K, capacity 7252K, committed 7424K, reserved 1056768K
  class space    used 663K, capacity 695K, committed 768K, reserved 1048576K
Event: 1.305 GC heap after
Heap after GC invocations=1 (full 0):
 garbage-first heap   total 131072K, used 3445K [0x00000000c0000000, 0x00000000c0100400, 0x0000000100000000)
  region size 1024K, 2 young (2048K), 2 survivors (2048K)
 Metaspace       used 7061K, capacity 7252K, committed 7424K, reserved 1056768K
  class space    used 663K, capacity 695K, committed 768K, reserved 1048576K
}
Event: 2.325 GC heap before
{Heap before GC invocations=1 (full 0):
 garbage-first heap   total 131072K, used 19829K [0x00000000c0000000, 0x00000000c0100400, 0x0000000100000000)
  region size 1024K, 18 young (18432K), 2 survivors (2048K)
 Metaspace       used 10460K, capacity 10754K, committed 10880K, reserved 1058816K
  class space    used 997K, capacity 1067K, committed 1152K, reserved 1048576K
Event: 2.339 GC heap after
Heap after GC invocations=2 (full 0):
 garbage-first heap   total 131072K, used 9578K [0x00000000c0000000, 0x00000000c0100400, 0x0000000100000000)
  region size 1024K, 3 young (3072K), 3 survivors (3072K)
 Metaspace       used 10460K, capacity 10754K, committed 10880K, reserved 1058816K
  class space    used 997K, capacity 1067K, committed 1152K, reserved 1048576K
}
Event: 2.976 GC heap before
{Heap before GC invocations=2 (full 0):
 garbage-first heap   total 131072K, used 30058K [0x00000000c0000000, 0x00000000c0100400, 0x0000000100000000)
  region size 1024K, 23 young (23552K), 3 survivors (3072K)
 Metaspace       used 16898K, capacity 17674K, committed 17792K, reserved 1064960K
  class space    used 1533K, capacity 1805K, committed 1920K, reserved 1048576K
Event: 2.990 GC heap after
Heap after GC invocations=3 (full 0):
 garbage-first heap   total 131072K, used 15872K [0x00000000c0000000, 0x00000000c0100400, 0x0000000100000000)
  region size 1024K, 3 young (3072K), 3 survivors (3072K)
 Metaspace       used 16898K, capacity 17674K, committed 17792K, reserved 1064960K
  class space    used 1533K, capacity 1805K, committed 1920K, reserved 1048576K
}
Event: 3.865 GC heap before
{Heap before GC invocations=3 (full 0):
 garbage-first heap   total 131072K, used 45568K [0x00000000c0000000, 0x00000000c0100400, 0x0000000100000000)
  region size 1024K, 33 young (33792K), 3 survivors (3072K)
 Metaspace       used 20369K, capacity 21238K, committed 21296K, reserved 1069056K
  class space    used 1985K, capacity 2316K, committed 2352K, reserved 1048576K
Event: 3.879 GC heap after
Heap after GC invocations=4 (full 0):
 garbage-first heap   total 131072K, used 19968K [0x00000000c0000000, 0x00000000c0100400, 0x0000000100000000)
  region size 1024K, 7 young (7168K), 7 survivors (7168K)
 Metaspace       used 20369K, capacity 21238K, committed 21296K, reserved 1069056K
  class space    used 1985K, capacity 2316K, committed 2352K, reserved 1048576K
}
Event: 5.486 GC heap before
{Heap before GC invocations=5 (full 0):
 garbage-first heap   total 131072K, used 88063K [0x00000000c0000000, 0x00000000c0100400, 0x0000000100000000)
  region size 1024K, 76 young (77824K), 7 survivors (7168K)
 Metaspace       used 29255K, capacity 30800K, committed 31024K, reserved 1077248K
  class space    used 3035K, capacity 3606K, committed 3632K, reserved 1048576K
Event: 5.512 GC heap after
Heap after GC invocations=6 (full 0):
 garbage-first heap   total 131072K, used 29497K [0x00000000c0000000, 0x00000000c0100400, 0x0000000100000000)
  region size 1024K, 10 young (10240K), 10 survivors (10240K)
 Metaspace       used 29255K, capacity 30800K, committed 31024K, reserved 1077248K
  class space    used 3035K, capacity 3606K, committed 3632K, reserved 1048576K
}
Event: 6.595 GC heap before
{Heap before GC invocations=6 (full 0):
 garbage-first heap   total 131072K, used 62265K [0x00000000c0000000, 0x00000000c0100400, 0x0000000100000000)
  region size 1024K, 43 young (44032K), 10 survivors (10240K)
 Metaspace       used 33857K, capacity 35890K, committed 35920K, reserved 1081344K
  class space    used 3546K, capacity 4252K, committed 4272K, reserved 1048576K
Event: 6.621 GC heap after
Heap after GC invocations=7 (full 0):
 garbage-first heap   total 131072K, used 36864K [0x00000000c0000000, 0x00000000c0100400, 0x0000000100000000)
  region size 1024K, 8 young (8192K), 8 survivors (8192K)
 Metaspace       used 33857K, capacity 35890K, committed 35920K, reserved 1081344K
  class space    used 3546K, capacity 4252K, committed 4272K, reserved 1048576K
}
Event: 8.931 GC heap before
{Heap before GC invocations=8 (full 0):
 garbage-first heap   total 131072K, used 97280K [0x00000000c0000000, 0x00000000c0100400, 0x0000000100000000)
  region size 1024K, 76 young (77824K), 8 survivors (8192K)
 Metaspace       used 37057K, capacity 39104K, committed 39420K, reserved 1083392K
  class space    used 3859K, capacity 4552K, committed 4604K, reserved 1048576K
Event: 8.949 GC heap after
Heap after GC invocations=9 (full 0):
 garbage-first heap   total 131072K, used 31232K [0x00000000c0000000, 0x00000000c0100400, 0x0000000100000000)
  region size 1024K, 10 young (10240K), 10 survivors (10240K)
 Metaspace       used 37057K, capacity 39104K, committed 39420K, reserved 1083392K
  class space    used 3859K, capacity 4552K, committed 4604K, reserved 1048576K
}
Event: 9.988 GC heap before
{Heap before GC invocations=10 (full 0):
 garbage-first heap   total 131072K, used 98816K [0x00000000c0000000, 0x00000000c0100400, 0x0000000100000000)
  region size 1024K, 76 young (77824K), 10 survivors (10240K)
 Metaspace       used 37181K, capacity 39296K, committed 39420K, reserved 1083392K
  class space    used 3871K, capacity 4552K, committed 4604K, reserved 1048576K
Event: 10.012 GC heap after
Heap after GC invocations=11 (full 0):
 garbage-first heap   total 131072K, used 38399K [0x00000000c0000000, 0x00000000c0100400, 0x0000000100000000)
  region size 1024K, 9 young (9216K), 9 survivors (9216K)
 Metaspace       used 37181K, capacity 39296K, committed 39420K, reserved 1083392K
  class space    used 3871K, capacity 4552K, committed 4604K, reserved 1048576K
}
Event: 10.033 GC heap before
{Heap before GC invocations=11 (full 0):
 garbage-first heap   total 131072K, used 39423K [0x00000000c0000000, 0x00000000c0100400, 0x0000000100000000)
  region size 1024K, 10 young (10240K), 9 survivors (9216K)
 Metaspace       used 37181K, capacity 39296K, committed 39420K, reserved 1083392K
  class space    used 3871K, capacity 4552K, committed 4604K, reserved 1048576K
Event: 10.046 GC heap after
Heap after GC invocations=12 (full 0):
 garbage-first heap   total 131072K, used 39424K [0x00000000c0000000, 0x00000000c0100400, 0x0000000100000000)
  region size 1024K, 2 young (2048K), 2 survivors (2048K)
 Metaspace       used 37181K, capacity 39296K, committed 39420K, reserved 1083392K
  class space    used 3871K, capacity 4552K, committed 4604K, reserved 1048576K
}
Event: 11.344 GC heap before
{Heap before GC invocations=12 (full 0):
 garbage-first heap   total 131072K, used 109056K [0x00000000c0000000, 0x00000000c0100400, 0x0000000100000000)
  region size 1024K, 70 young (71680K), 2 survivors (2048K)
 Metaspace       used 38619K, capacity 40826K, committed 40956K, reserved 1085440K
  class space    used 4011K, capacity 4767K, committed 4860K, reserved 1048576K
Event: 11.359 GC heap after
Heap after GC invocations=13 (full 0):
 garbage-first heap   total 131072K, used 46071K [0x00000000c0000000, 0x00000000c0100400, 0x0000000100000000)
  region size 1024K, 9 young (9216K), 9 survivors (9216K)
 Metaspace       used 38619K, capacity 40826K, committed 40956K, reserved 1085440K
  class space    used 4011K, capacity 4767K, committed 4860K, reserved 1048576K
}
Event: 11.818 GC heap before
{Heap before GC invocations=13 (full 0):
 garbage-first heap   total 131072K, used 108375K [0x00000000c0000000, 0x00000000c0100400, 0x0000000100000000)
  region size 1024K, 69 young (70656K), 9 survivors (9216K)
 Metaspace       used 39422K, capacity 41558K, committed 41724K, reserved 1085440K
  class space    used 4088K, capacity 4839K, committed 4860K, reserved 1048576K
Event: 11.842 GC heap after
Heap after GC invocations=14 (full 0):
 garbage-first heap   total 131072K, used 54966K [0x00000000c0000000, 0x00000000c0100400, 0x0000000100000000)
  region size 1024K, 8 young (8192K), 8 survivors (8192K)
 Metaspace       used 39422K, capacity 41558K, committed 41724K, reserved 1085440K
  class space    used 4088K, capacity 4839K, committed 4860K, reserved 1048576K
}
Event: 12.287 GC heap before
{Heap before GC invocations=14 (full 0):
 garbage-first heap   total 131072K, used 109238K [0x00000000c0000000, 0x00000000c0100400, 0x0000000100000000)
  region size 1024K, 61 young (62464K), 8 survivors (8192K)
 Metaspace       used 40641K, capacity 42932K, committed 43132K, reserved 1087488K
  class space    used 4209K, capacity 4972K, committed 4988K, reserved 1048576K
Event: 12.307 GC heap after
Heap after GC invocations=15 (full 0):
 garbage-first heap   total 131072K, used 62816K [0x00000000c0000000, 0x00000000c0100400, 0x0000000100000000)
  region size 1024K, 8 young (8192K), 8 survivors (8192K)
 Metaspace       used 40641K, capacity 42932K, committed 43132K, reserved 1087488K
  class space    used 4209K, capacity 4972K, committed 4988K, reserved 1048576K
}
Event: 12.570 GC heap before
{Heap before GC invocations=15 (full 0):
 garbage-first heap   total 131072K, used 108896K [0x00000000c0000000, 0x00000000c0100400, 0x0000000100000000)
  region size 1024K, 53 young (54272K), 8 survivors (8192K)
 Metaspace       used 40645K, capacity 42932K, committed 43132K, reserved 1087488K
  class space    used 4210K, capacity 4972K, committed 4988K, reserved 1048576K
Event: 12.590 GC heap after
Heap after GC invocations=16 (full 0):
 garbage-first heap   total 131072K, used 68447K [0x00000000c0000000, 0x00000000c0100400, 0x0000000100000000)
  region size 1024K, 6 young (6144K), 6 survivors (6144K)
 Metaspace       used 40645K, capacity 42932K, committed 43132K, reserved 1087488K
  class space    used 4210K, capacity 4972K, committed 4988K, reserved 1048576K
}
Event: 12.805 GC heap before
{Heap before GC invocations=16 (full 0):
 garbage-first heap   total 131072K, used 102239K [0x00000000c0000000, 0x00000000c0100400, 0x0000000100000000)
  region size 1024K, 40 young (40960K), 6 survivors (6144K)
 Metaspace       used 41136K, capacity 43348K, committed 43516K, reserved 1087488K
  class space    used 4249K, capacity 5004K, committed 5116K, reserved 1048576K
Event: 12.823 GC heap after
Heap after GC invocations=17 (full 0):
 garbage-first heap   total 131072K, used 73056K [0x00000000c0000000, 0x00000000c0100400, 0x0000000100000000)
  region size 1024K, 5 young (5120K), 5 survivors (5120K)
 Metaspace       used 41136K, capacity 43348K, committed 43516K, reserved 1087488K
  class space    used 4249K, capacity 5004K, committed 5116K, reserved 1048576K
}
Event: 13.334 GC heap before
{Heap before GC invocations=18 (full 0):
 garbage-first heap   total 131072K, used 113696K [0x00000000c0000000, 0x00000000c0100400, 0x0000000100000000)
  region size 1024K, 43 young (44032K), 5 survivors (5120K)
 Metaspace       used 41701K, capacity 43904K, committed 44284K, reserved 1089536K
  class space    used 4301K, capacity 5038K, committed 5116K, reserved 1048576K
Event: 13.352 GC heap after
Heap after GC invocations=19 (full 0):
 garbage-first heap   total 131072K, used 80416K [0x00000000c0000000, 0x00000000c0100400, 0x0000000100000000)
  region size 1024K, 6 young (6144K), 6 survivors (6144K)
 Metaspace       used 41701K, capacity 43904K, committed 44284K, reserved 1089536K
  class space    used 4301K, capacity 5038K, committed 5116K, reserved 1048576K
}
Event: 13.368 GC heap before
{Heap before GC invocations=19 (full 0):
 garbage-first heap   total 131072K, used 81440K [0x00000000c0000000, 0x00000000c0100400, 0x0000000100000000)
  region size 1024K, 7 young (7168K), 6 survivors (6144K)
 Metaspace       used 41701K, capacity 43904K, committed 44284K, reserved 1089536K
  class space    used 4301K, capacity 5038K, committed 5116K, reserved 1048576K
Event: 13.393 GC heap after
Heap after GC invocations=20 (full 0):
 garbage-first heap   total 131072K, used 72224K [0x00000000c0000000, 0x00000000c0100400, 0x0000000100000000)
  region size 1024K, 1 young (1024K), 1 survivors (1024K)
 Metaspace       used 41701K, capacity 43904K, committed 44284K, reserved 1089536K
  class space    used 4301K, capacity 5038K, committed 5116K, reserved 1048576K
}
Event: 13.433 GC heap before
{Heap before GC invocations=20 (full 0):
 garbage-first heap   total 131072K, used 77344K [0x00000000c0000000, 0x00000000c0100400, 0x0000000100000000)
  region size 1024K, 6 young (6144K), 1 survivors (1024K)
 Metaspace       used 41701K, capacity 43904K, committed 44284K, reserved 1089536K
  class space    used 4301K, capacity 5038K, committed 5116K, reserved 1048576K
Event: 13.448 GC heap after
Heap after GC invocations=21 (full 0):
 garbage-first heap   total 131072K, used 71712K [0x00000000c0000000, 0x00000000c0100400, 0x0000000100000000)
  region size 1024K, 1 young (1024K), 1 survivors (1024K)
 Metaspace       used 41701K, capacity 43904K, committed 44284K, reserved 1089536K
  class space    used 4301K, capacity 5038K, committed 5116K, reserved 1048576K
}
Event: 13.626 GC heap before
{Heap before GC invocations=21 (full 0):
 garbage-first heap   total 131072K, used 111648K [0x00000000c0000000, 0x00000000c0100400, 0x0000000100000000)
  region size 1024K, 40 young (40960K), 1 survivors (1024K)
 Metaspace       used 41701K, capacity 43904K, committed 44284K, reserved 1089536K
  class space    used 4301K, capacity 5038K, committed 5116K, reserved 1048576K
Event: 13.640 GC heap after
Heap after GC invocations=22 (full 0):
 garbage-first heap   total 131072K, used 75749K [0x00000000c0000000, 0x00000000c0100400, 0x0000000100000000)
  region size 1024K, 5 young (5120K), 5 survivors (5120K)
 Metaspace       used 41701K, capacity 43904K, committed 44284K, reserved 1089536K
  class space    used 4301K, capacity 5038K, committed 5116K, reserved 1048576K
}
Event: 13.850 GC heap before
{Heap before GC invocations=22 (full 0):
 garbage-first heap   total 131072K, used 111589K [0x00000000c0000000, 0x00000000c0100400, 0x0000000100000000)
  region size 1024K, 40 young (40960K), 5 survivors (5120K)
 Metaspace       used 41701K, capacity 43904K, committed 44284K, reserved 1089536K
  class space    used 4301K, capacity 5038K, committed 5116K, reserved 1048576K
Event: 13.871 GC heap after
Heap after GC invocations=23 (full 0):
 garbage-first heap   total 131072K, used 81851K [0x00000000c0000000, 0x00000000c0100400, 0x0000000100000000)
  region size 1024K, 5 young (5120K), 5 survivors (5120K)
 Metaspace       used 41701K, capacity 43904K, committed 44284K, reserved 1089536K
  class space    used 4301K, capacity 5038K, committed 5116K, reserved 1048576K
}
Event: 14.094 GC heap before
{Heap before GC invocations=23 (full 0):
 garbage-first heap   total 131072K, used 111547K [0x00000000c0000000, 0x00000000c0100400, 0x0000000100000000)
  region size 1024K, 34 young (34816K), 5 survivors (5120K)
 Metaspace       used 41701K, capacity 43904K, committed 44284K, reserved 1089536K
  class space    used 4301K, capacity 5038K, committed 5116K, reserved 1048576K
Event: 14.112 GC heap after
Heap after GC invocations=24 (full 0):
 garbage-first heap   total 131072K, used 85536K [0x00000000c0000000, 0x00000000c0100400, 0x0000000100000000)
  region size 1024K, 5 young (5120K), 5 survivors (5120K)
 Metaspace       used 41701K, capacity 43904K, committed 44284K, reserved 1089536K
  class space    used 4301K, capacity 5038K, committed 5116K, reserved 1048576K
}
Event: 14.310 GC heap before
{Heap before GC invocations=25 (full 0):
 garbage-first heap   total 131072K, used 110272K [0x00000000c0000000, 0x00000000c0100400, 0x0000000100000000)
  region size 1024K, 30 young (30720K), 5 survivors (5120K)
 Metaspace       used 41708K, capacity 43904K, committed 44284K, reserved 1089536K
  class space    used 4301K, capacity 5038K, committed 5116K, reserved 1048576K
Event: 14.324 GC heap after
Heap after GC invocations=26 (full 0):
 garbage-first heap   total 131072K, used 88768K [0x00000000c0000000, 0x00000000c0100400, 0x0000000100000000)
  region size 1024K, 4 young (4096K), 4 survivors (4096K)
 Metaspace       used 41708K, capacity 43904K, committed 44284K, reserved 1089536K
  class space    used 4301K, capacity 5038K, committed 5116K, reserved 1048576K
}
Event: 14.337 GC heap before
{Heap before GC invocations=26 (full 0):
 garbage-first heap   total 131072K, used 90816K [0x00000000c0000000, 0x00000000c0100400, 0x0000000100000000)
  region size 1024K, 6 young (6144K), 4 survivors (4096K)
 Metaspace       used 41708K, capacity 43904K, committed 44284K, reserved 1089536K
  class space    used 4301K, capacity 5038K, committed 5116K, reserved 1048576K
Event: 14.367 GC heap after
Heap after GC invocations=27 (full 0):
 garbage-first heap   total 131072K, used 83648K [0x00000000c0000000, 0x00000000c0100400, 0x0000000100000000)
  region size 1024K, 1 young (1024K), 1 survivors (1024K)
 Metaspace       used 41708K, capacity 43904K, committed 44284K, reserved 1089536K
  class space    used 4301K, capacity 5038K, committed 5116K, reserved 1048576K
}
Event: 14.602 GC heap before
{Heap before GC invocations=27 (full 0):
 garbage-first heap   total 131072K, used 113344K [0x00000000c0000000, 0x00000000c0100400, 0x0000000100000000)
  region size 1024K, 30 young (30720K), 1 survivors (1024K)
 Metaspace       used 41708K, capacity 43904K, committed 44284K, reserved 1089536K
  class space    used 4301K, capacity 5038K, committed 5116K, reserved 1048576K
Event: 14.622 GC heap after
Heap after GC invocations=28 (full 0):
 garbage-first heap   total 131072K, used 86624K [0x00000000c0000000, 0x00000000c0100400, 0x0000000100000000)
  region size 1024K, 4 young (4096K), 4 survivors (4096K)
 Metaspace       used 41708K, capacity 43904K, committed 44284K, reserved 1089536K
  class space    used 4301K, capacity 5038K, committed 5116K, reserved 1048576K
}
Event: 14.751 GC heap before
{Heap before GC invocations=28 (full 0):
 garbage-first heap   total 131072K, used 113248K [0x00000000c0000000, 0x00000000c0100400, 0x0000000100000000)
  region size 1024K, 30 young (30720K), 4 survivors (4096K)
 Metaspace       used 41731K, capacity 43968K, committed 44284K, reserved 1089536K
  class space    used 4303K, capacity 5038K, committed 5116K, reserved 1048576K
Event: 14.768 GC heap after
Heap after GC invocations=29 (full 0):
 garbage-first heap   total 131072K, used 91270K [0x00000000c0000000, 0x00000000c0100400, 0x0000000100000000)
  region size 1024K, 4 young (4096K), 4 survivors (4096K)
 Metaspace       used 41731K, capacity 43968K, committed 44284K, reserved 1089536K
  class space    used 4303K, capacity 5038K, committed 5116K, reserved 1048576K
}
Event: 14.954 GC heap before
{Heap before GC invocations=29 (full 0):
 garbage-first heap   total 131072K, used 112774K [0x00000000c0000000, 0x00000000c0100400, 0x0000000100000000)
  region size 1024K, 25 young (25600K), 4 survivors (4096K)
 Metaspace       used 41743K, capacity 43968K, committed 44284K, reserved 1089536K
  class space    used 4305K, capacity 5038K, committed 5116K, reserved 1048576K
Event: 14.972 GC heap after
Heap after GC invocations=30 (full 0):
 garbage-first heap   total 131072K, used 94400K [0x00000000c0000000, 0x00000000c0100400, 0x0000000100000000)
  region size 1024K, 4 young (4096K), 4 survivors (4096K)
 Metaspace       used 41743K, capacity 43968K, committed 44284K, reserved 1089536K
  class space    used 4305K, capacity 5038K, committed 5116K, reserved 1048576K
}
Event: 15.106 GC heap before
{Heap before GC invocations=31 (full 0):
 garbage-first heap   total 131072K, used 112832K [0x00000000c0000000, 0x00000000c0100400, 0x0000000100000000)
  region size 1024K, 22 young (22528K), 4 survivors (4096K)
 Metaspace       used 41743K, capacity 43968K, committed 44284K, reserved 1089536K
  class space    used 4305K, capacity 5038K, committed 5116K, reserved 1048576K
Event: 15.125 GC heap after
Heap after GC invocations=32 (full 0):
 garbage-first heap   total 262144K, used 97472K [0x00000000c0000000, 0x00000000c0100800, 0x0000000100000000)
  region size 1024K, 3 young (3072K), 3 survivors (3072K)
 Metaspace       used 41743K, capacity 43968K, committed 44284K, reserved 1089536K
  class space    used 4305K, capacity 5038K, committed 5116K, reserved 1048576K
}
Event: 15.834 GC heap before
{Heap before GC invocations=32 (full 0):
 garbage-first heap   total 262144K, used 223808K [0x00000000c0000000, 0x00000000c0100800, 0x0000000100000000)
  region size 1024K, 123 young (125952K), 3 survivors (3072K)
 Metaspace       used 41750K, capacity 43968K, committed 44284K, reserved 1089536K
  class space    used 4305K, capacity 5038K, committed 5116K, reserved 1048576K

