# JRE version: OpenJDK Runtime Environment (8.0_201-b09) (build 1.8.0_201-2-redhat-b09)
# Java VM: OpenJDK 64-Bit Server VM (25.201-b09 mixed mode windows-amd64 compressed oops)
Heap:
 garbage-first heap   total 419840K, used 112704K [0x00000000c0000000, 0x00000000c0100cd0, 0x0000000100000000)
  region size 1024K, 16 young (16384K), 16 survivors (16384K)
 Metaspace       used 41633K, capacity 43852K, committed 43952K, reserved 1087488K
  class space    used 4294K, capacity 5002K, committed 5040K, reserved 1048576K
GC Heap History (49 events):
Event: 1.361 GC heap before
{Heap before GC invocations=0 (full 0):
 garbage-first heap   total 131072K, used 14336K [0x00000000c0000000, 0x00000000c0100400, 0x0000000100000000)
  region size 1024K, 14 young (14336K), 0 survivors (0K)
 Metaspace       used 7051K, capacity 7252K, committed 7424K, reserved 1056768K
  class space    used 663K, capacity 695K, committed 768K, reserved 1048576K
Event: 1.370 GC heap after
Heap after GC invocations=1 (full 0):
 garbage-first heap   total 131072K, used 3455K [0x00000000c0000000, 0x00000000c0100400, 0x0000000100000000)
  region size 1024K, 2 young (2048K), 2 survivors (2048K)
 Metaspace       used 7051K, capacity 7252K, committed 7424K, reserved 1056768K
  class space    used 663K, capacity 695K, committed 768K, reserved 1048576K
}
Event: 2.393 GC heap before
{Heap before GC invocations=1 (full 0):
 garbage-first heap   total 131072K, used 19839K [0x00000000c0000000, 0x00000000c0100400, 0x0000000100000000)
  region size 1024K, 18 young (18432K), 2 survivors (2048K)
 Metaspace       used 10470K, capacity 10754K, committed 10880K, reserved 1058816K
  class space    used 997K, capacity 1067K, committed 1152K, reserved 1048576K
Event: 2.407 GC heap after
Heap after GC invocations=2 (full 0):
 garbage-first heap   total 131072K, used 9515K [0x00000000c0000000, 0x00000000c0100400, 0x0000000100000000)
  region size 1024K, 3 young (3072K), 3 survivors (3072K)
 Metaspace       used 10470K, capacity 10754K, committed 10880K, reserved 1058816K
  class space    used 997K, capacity 1067K, committed 1152K, reserved 1048576K
}
Event: 3.165 GC heap before
{Heap before GC invocations=2 (full 0):
 garbage-first heap   total 131072K, used 29995K [0x00000000c0000000, 0x00000000c0100400, 0x0000000100000000)
  region size 1024K, 23 young (23552K), 3 survivors (3072K)
 Metaspace       used 16923K, capacity 17674K, committed 17792K, reserved 1064960K
  class space    used 1533K, capacity 1805K, committed 1920K, reserved 1048576K
Event: 3.180 GC heap after
Heap after GC invocations=3 (full 0):
 garbage-first heap   total 131072K, used 16896K [0x00000000c0000000, 0x00000000c0100400, 0x0000000100000000)
  region size 1024K, 3 young (3072K), 3 survivors (3072K)
 Metaspace       used 16923K, capacity 17674K, committed 17792K, reserved 1064960K
  class space    used 1533K, capacity 1805K, committed 1920K, reserved 1048576K
}
Event: 4.389 GC heap before
{Heap before GC invocations=3 (full 0):
 garbage-first heap   total 131072K, used 47616K [0x00000000c0000000, 0x00000000c0100400, 0x0000000100000000)
  region size 1024K, 34 young (34816K), 3 survivors (3072K)
 Metaspace       used 20393K, capacity 21238K, committed 21296K, reserved 1069056K
  class space    used 1988K, capacity 2316K, committed 2352K, reserved 1048576K
Event: 4.405 GC heap after
Heap after GC invocations=4 (full 0):
 garbage-first heap   total 131072K, used 20992K [0x00000000c0000000, 0x00000000c0100400, 0x0000000100000000)
  region size 1024K, 7 young (7168K), 7 survivors (7168K)
 Metaspace       used 20393K, capacity 21238K, committed 21296K, reserved 1069056K
  class space    used 1988K, capacity 2316K, committed 2352K, reserved 1048576K
}
Event: 6.519 GC heap before
{Heap before GC invocations=5 (full 0):
 garbage-first heap   total 131072K, used 88063K [0x00000000c0000000, 0x00000000c0100400, 0x0000000100000000)
  region size 1024K, 76 young (77824K), 7 survivors (7168K)
 Metaspace       used 31254K, capacity 32890K, committed 33072K, reserved 1079296K
  class space    used 3264K, capacity 3825K, committed 3888K, reserved 1048576K
Event: 6.547 GC heap after
Heap after GC invocations=6 (full 0):
 garbage-first heap   total 131072K, used 32040K [0x00000000c0000000, 0x00000000c0100400, 0x0000000100000000)
  region size 1024K, 10 young (10240K), 10 survivors (10240K)
 Metaspace       used 31254K, capacity 32890K, committed 33072K, reserved 1079296K
  class space    used 3264K, capacity 3825K, committed 3888K, reserved 1048576K
}
Event: 7.244 GC heap before
{Heap before GC invocations=6 (full 0):
 garbage-first heap   total 131072K, used 54568K [0x00000000c0000000, 0x00000000c0100400, 0x0000000100000000)
  region size 1024K, 33 young (33792K), 10 survivors (10240K)
 Metaspace       used 33635K, capacity 35806K, committed 35920K, reserved 1081344K
  class space    used 3535K, capacity 4184K, committed 4272K, reserved 1048576K
Event: 7.271 GC heap after
Heap after GC invocations=7 (full 0):
 garbage-first heap   total 131072K, used 37888K [0x00000000c0000000, 0x00000000c0100400, 0x0000000100000000)
  region size 1024K, 6 young (6144K), 6 survivors (6144K)
 Metaspace       used 33635K, capacity 35806K, committed 35920K, reserved 1081344K
  class space    used 3535K, capacity 4184K, committed 4272K, reserved 1048576K
}
Event: 10.455 GC heap before
{Heap before GC invocations=8 (full 0):
 garbage-first heap   total 131072K, used 98304K [0x00000000c0000000, 0x00000000c0100400, 0x0000000100000000)
  region size 1024K, 75 young (76800K), 6 survivors (6144K)
 Metaspace       used 36880K, capacity 38988K, committed 39088K, reserved 1083392K
  class space    used 3841K, capacity 4516K, committed 4528K, reserved 1048576K
Event: 10.479 GC heap after
Heap after GC invocations=9 (full 0):
 garbage-first heap   total 131072K, used 33280K [0x00000000c0000000, 0x00000000c0100400, 0x0000000100000000)
  region size 1024K, 10 young (10240K), 10 survivors (10240K)
 Metaspace       used 36880K, capacity 38988K, committed 39088K, reserved 1083392K
  class space    used 3841K, capacity 4516K, committed 4528K, reserved 1048576K
}
Event: 10.520 GC heap before
{Heap before GC invocations=9 (full 0):
 garbage-first heap   total 131072K, used 34304K [0x00000000c0000000, 0x00000000c0100400, 0x0000000100000000)
  region size 1024K, 11 young (11264K), 10 survivors (10240K)
 Metaspace       used 36881K, capacity 38988K, committed 39088K, reserved 1083392K
  class space    used 3841K, capacity 4516K, committed 4528K, reserved 1048576K
Event: 10.532 GC heap after
Heap after GC invocations=10 (full 0):
 garbage-first heap   total 131072K, used 30720K [0x00000000c0000000, 0x00000000c0100400, 0x0000000100000000)
  region size 1024K, 2 young (2048K), 2 survivors (2048K)
 Metaspace       used 36881K, capacity 38988K, committed 39088K, reserved 1083392K
  class space    used 3841K, capacity 4516K, committed 4528K, reserved 1048576K
}
Event: 11.921 GC heap before
{Heap before GC invocations=10 (full 0):
 garbage-first heap   total 131072K, used 106496K [0x00000000c0000000, 0x00000000c0100400, 0x0000000100000000)
  region size 1024K, 76 young (77824K), 2 survivors (2048K)
 Metaspace       used 38336K, capacity 40582K, committed 40880K, reserved 1085440K
  class space    used 3994K, capacity 4731K, committed 4784K, reserved 1048576K
Event: 11.940 GC heap after
Heap after GC invocations=11 (full 0):
 garbage-first heap   total 131072K, used 38910K [0x00000000c0000000, 0x00000000c0100400, 0x0000000100000000)
  region size 1024K, 10 young (10240K), 10 survivors (10240K)
 Metaspace       used 38336K, capacity 40582K, committed 40880K, reserved 1085440K
  class space    used 3994K, capacity 4731K, committed 4784K, reserved 1048576K
}
Event: 12.680 GC heap before
{Heap before GC invocations=11 (full 0):
 garbage-first heap   total 131072K, used 106494K [0x00000000c0000000, 0x00000000c0100400, 0x0000000100000000)
  region size 1024K, 76 young (77824K), 10 survivors (10240K)
 Metaspace       used 38602K, capacity 40838K, committed 41136K, reserved 1085440K
  class space    used 4006K, capacity 4731K, committed 4784K, reserved 1048576K
Event: 12.703 GC heap after
Heap after GC invocations=12 (full 0):
 garbage-first heap   total 131072K, used 47498K [0x00000000c0000000, 0x00000000c0100400, 0x0000000100000000)
  region size 1024K, 8 young (8192K), 8 survivors (8192K)
 Metaspace       used 38602K, capacity 40838K, committed 41136K, reserved 1085440K
  class space    used 4006K, capacity 4731K, committed 4784K, reserved 1048576K
}
Event: 13.471 GC heap before
{Heap before GC invocations=12 (full 0):
 garbage-first heap   total 131072K, used 109802K [0x00000000c0000000, 0x00000000c0100400, 0x0000000100000000)
  region size 1024K, 68 young (69632K), 8 survivors (8192K)
 Metaspace       used 40460K, capacity 42752K, committed 42928K, reserved 1087488K
  class space    used 4191K, capacity 4936K, committed 5040K, reserved 1048576K
Event: 13.497 GC heap after
Heap after GC invocations=13 (full 0):
 garbage-first heap   total 131072K, used 56672K [0x00000000c0000000, 0x00000000c0100400, 0x0000000100000000)
  region size 1024K, 9 young (9216K), 9 survivors (9216K)
 Metaspace       used 40460K, capacity 42752K, committed 42928K, reserved 1087488K
  class space    used 4191K, capacity 4936K, committed 5040K, reserved 1048576K
}
Event: 13.871 GC heap before
{Heap before GC invocations=13 (full 0):
 garbage-first heap   total 131072K, used 107872K [0x00000000c0000000, 0x00000000c0100400, 0x0000000100000000)
  region size 1024K, 59 young (60416K), 9 survivors (9216K)
 Metaspace       used 40962K, capacity 43232K, committed 43440K, reserved 1087488K
  class space    used 4231K, capacity 4968K, committed 5040K, reserved 1048576K
Event: 13.895 GC heap after
Heap after GC invocations=14 (full 0):
 garbage-first heap   total 131072K, used 63840K [0x00000000c0000000, 0x00000000c0100400, 0x0000000100000000)
  region size 1024K, 7 young (7168K), 7 survivors (7168K)
 Metaspace       used 40962K, capacity 43232K, committed 43440K, reserved 1087488K
  class space    used 4231K, capacity 4968K, committed 5040K, reserved 1048576K
}
Event: 14.487 GC heap before
{Heap before GC invocations=14 (full 0):
 garbage-first heap   total 131072K, used 109920K [0x00000000c0000000, 0x00000000c0100400, 0x0000000100000000)
  region size 1024K, 52 young (53248K), 7 survivors (7168K)
 Metaspace       used 41527K, capacity 43788K, committed 43952K, reserved 1087488K
  class space    used 4283K, capacity 5002K, committed 5040K, reserved 1048576K
Event: 14.506 GC heap after
Heap after GC invocations=15 (full 0):
 garbage-first heap   total 131072K, used 69984K [0x00000000c0000000, 0x00000000c0100400, 0x0000000100000000)
  region size 1024K, 7 young (7168K), 7 survivors (7168K)
 Metaspace       used 41527K, capacity 43788K, committed 43952K, reserved 1087488K
  class space    used 4283K, capacity 5002K, committed 5040K, reserved 1048576K
}
Event: 14.793 GC heap before
{Heap before GC invocations=15 (full 0):
 garbage-first heap   total 131072K, used 102752K [0x00000000c0000000, 0x00000000c0100400, 0x0000000100000000)
  region size 1024K, 40 young (40960K), 7 survivors (7168K)
 Metaspace       used 41527K, capacity 43788K, committed 43952K, reserved 1087488K
  class space    used 4283K, capacity 5002K, committed 5040K, reserved 1048576K
Event: 14.810 GC heap after
Heap after GC invocations=16 (full 0):
 garbage-first heap   total 131072K, used 74591K [0x00000000c0000000, 0x00000000c0100400, 0x0000000100000000)
  region size 1024K, 5 young (5120K), 5 survivors (5120K)
 Metaspace       used 41527K, capacity 43788K, committed 43952K, reserved 1087488K
  class space    used 4283K, capacity 5002K, committed 5040K, reserved 1048576K
}
Event: 15.184 GC heap before
{Heap before GC invocations=17 (full 0):
 garbage-first heap   total 131072K, used 113184K [0x00000000c0000000, 0x00000000c0100400, 0x0000000100000000)
  region size 1024K, 42 young (43008K), 5 survivors (5120K)
 Metaspace       used 41564K, capacity 43788K, committed 43952K, reserved 1087488K
  class space    used 4287K, capacity 5002K, committed 5040K, reserved 1048576K
Event: 15.203 GC heap after
Heap after GC invocations=18 (full 0):
 garbage-first heap   total 131072K, used 80928K [0x00000000c0000000, 0x00000000c0100400, 0x0000000100000000)
  region size 1024K, 6 young (6144K), 6 survivors (6144K)
 Metaspace       used 41564K, capacity 43788K, committed 43952K, reserved 1087488K
  class space    used 4287K, capacity 5002K, committed 5040K, reserved 1048576K
}
Event: 15.212 GC heap before
{Heap before GC invocations=18 (full 0):
 garbage-first heap   total 131072K, used 81952K [0x00000000c0000000, 0x00000000c0100400, 0x0000000100000000)
  region size 1024K, 7 young (7168K), 6 survivors (6144K)
 Metaspace       used 41564K, capacity 43788K, committed 43952K, reserved 1087488K
  class space    used 4287K, capacity 5002K, committed 5040K, reserved 1048576K
Event: 15.240 GC heap after
Heap after GC invocations=19 (full 0):
 garbage-first heap   total 131072K, used 72736K [0x00000000c0000000, 0x00000000c0100400, 0x0000000100000000)
  region size 1024K, 1 young (1024K), 1 survivors (1024K)
 Metaspace       used 41564K, capacity 43788K, committed 43952K, reserved 1087488K
  class space    used 4287K, capacity 5002K, committed 5040K, reserved 1048576K
}
Event: 15.275 GC heap before
{Heap before GC invocations=19 (full 0):
 garbage-first heap   total 131072K, used 77856K [0x00000000c0000000, 0x00000000c0100400, 0x0000000100000000)
  region size 1024K, 6 young (6144K), 1 survivors (1024K)
 Metaspace       used 41564K, capacity 43788K, committed 43952K, reserved 1087488K
  class space    used 4287K, capacity 5002K, committed 5040K, reserved 1048576K
Event: 15.288 GC heap after
Heap after GC invocations=20 (full 0):
 garbage-first heap   total 131072K, used 72736K [0x00000000c0000000, 0x00000000c0100400, 0x0000000100000000)
  region size 1024K, 1 young (1024K), 1 survivors (1024K)
 Metaspace       used 41564K, capacity 43788K, committed 43952K, reserved 1087488K
  class space    used 4287K, capacity 5002K, committed 5040K, reserved 1048576K
}
Event: 15.416 GC heap before
{Heap before GC invocations=20 (full 0):
 garbage-first heap   total 131072K, used 102432K [0x00000000c0000000, 0x00000000c0100400, 0x0000000100000000)
  region size 1024K, 31 young (31744K), 1 survivors (1024K)
 Metaspace       used 41621K, capacity 43852K, committed 43952K, reserved 1087488K
  class space    used 4293K, capacity 5002K, committed 5040K, reserved 1048576K
Event: 15.429 GC heap after
Heap after GC invocations=21 (full 0):
 garbage-first heap   total 131072K, used 75808K [0x00000000c0000000, 0x00000000c0100400, 0x0000000100000000)
  region size 1024K, 4 young (4096K), 4 survivors (4096K)
 Metaspace       used 41621K, capacity 43852K, committed 43952K, reserved 1087488K
  class space    used 4293K, capacity 5002K, committed 5040K, reserved 1048576K
}
Event: 15.659 GC heap before
{Heap before GC invocations=21 (full 0):
 garbage-first heap   total 131072K, used 112672K [0x00000000c0000000, 0x00000000c0100400, 0x0000000100000000)
  region size 1024K, 39 young (39936K), 4 survivors (4096K)
 Metaspace       used 41631K, capacity 43852K, committed 43952K, reserved 1087488K
  class space    used 4294K, capacity 5002K, committed 5040K, reserved 1048576K
Event: 15.675 GC heap after
Heap after GC invocations=22 (full 0):
 garbage-first heap   total 131072K, used 81898K [0x00000000c0000000, 0x00000000c0100400, 0x0000000100000000)
  region size 1024K, 5 young (5120K), 5 survivors (5120K)
 Metaspace       used 41631K, capacity 43852K, committed 43952K, reserved 1087488K
  class space    used 4294K, capacity 5002K, committed 5040K, reserved 1048576K
}
Event: 15.818 GC heap before
{Heap before GC invocations=23 (full 0):
 garbage-first heap   total 131072K, used 109706K [0x00000000c0000000, 0x00000000c0100400, 0x0000000100000000)
  region size 1024K, 33 young (33792K), 5 survivors (5120K)
 Metaspace       used 41631K, capacity 43852K, committed 43952K, reserved 1087488K
  class space    used 4294K, capacity 5002K, committed 5040K, reserved 1048576K
Event: 15.835 GC heap after
Heap after GC invocations=24 (full 0):
 garbage-first heap   total 131072K, used 85184K [0x00000000c0000000, 0x00000000c0100400, 0x0000000100000000)
  region size 1024K, 5 young (5120K), 5 survivors (5120K)
 Metaspace       used 41631K, capacity 43852K, committed 43952K, reserved 1087488K
  class space    used 4294K, capacity 5002K, committed 5040K, reserved 1048576K
}
Event: 15.844 GC heap before
{Heap before GC invocations=24 (full 0):
 garbage-first heap   total 131072K, used 86208K [0x00000000c0000000, 0x00000000c0100400, 0x0000000100000000)
  region size 1024K, 6 young (6144K), 5 survivors (5120K)
 Metaspace       used 41631K, capacity 43852K, committed 43952K, reserved 1087488K
  class space    used 4294K, capacity 5002K, committed 5040K, reserved 1048576K
Event: 15.869 GC heap after
Heap after GC invocations=25 (full 0):
 garbage-first heap   total 131072K, used 80576K [0x00000000c0000000, 0x00000000c0100400, 0x0000000100000000)
  region size 1024K, 1 young (1024K), 1 survivors (1024K)
 Metaspace       used 41631K, capacity 43852K, committed 43952K, reserved 1087488K
  class space    used 4294K, capacity 5002K, committed 5040K, reserved 1048576K
}
Event: 16.023 GC heap before
{Heap before GC invocations=25 (full 0):
 garbage-first heap   total 131072K, used 112320K [0x00000000c0000000, 0x00000000c0100400, 0x0000000100000000)
  region size 1024K, 32 young (32768K), 1 survivors (1024K)
 Metaspace       used 41633K, capacity 43852K, committed 43952K, reserved 1087488K
  class space    used 4294K, capacity 5002K, committed 5040K, reserved 1048576K
Event: 16.038 GC heap after
Heap after GC invocations=26 (full 0):
 garbage-first heap   total 131072K, used 83643K [0x00000000c0000000, 0x00000000c0100400, 0x0000000100000000)
  region size 1024K, 4 young (4096K), 4 survivors (4096K)
 Metaspace       used 41633K, capacity 43852K, committed 43952K, reserved 1087488K
  class space    used 4294K, capacity 5002K, committed 5040K, reserved 1048576K
}
Event: 16.138 GC heap before
{Heap before GC invocations=26 (full 0):
 garbage-first heap   total 131072K, used 112315K [0x00000000c0000000, 0x00000000c0100400, 0x0000000100000000)
  region size 1024K, 32 young (32768K), 4 survivors (4096K)
 Metaspace       used 41633K, capacity 43852K, committed 43952K, reserved 1087488K
  class space    used 4294K, capacity 5002K, committed 5040K, reserved 1048576K
Event: 16.154 GC heap after
Heap after GC invocations=27 (full 0):
 garbage-first heap   total 131072K, used 89177K [0x00000000c0000000, 0x00000000c0100400, 0x0000000100000000)
  region size 1024K, 4 young (4096K), 4 survivors (4096K)
 Metaspace       used 41633K, capacity 43852K, committed 43952K, reserved 1087488K
  class space    used 4294K, capacity 5002K, committed 5040K, reserved 1048576K
}
Event: 16.263 GC heap before
{Heap before GC invocations=27 (full 0):
 garbage-first heap   total 131072K, used 111705K [0x00000000c0000000, 0x00000000c0100400, 0x0000000100000000)
  region size 1024K, 26 young (26624K), 4 survivors (4096K)
 Metaspace       used 41633K, capacity 43852K, committed 43952K, reserved 1087488K
  class space    used 4294K, capacity 5002K, committed 5040K, reserved 1048576K
Event: 16.284 GC heap after
Heap after GC invocations=28 (full 0):
 garbage-first heap   total 262144K, used 93376K [0x00000000c0000000, 0x00000000c0100800, 0x0000000100000000)
  region size 1024K, 4 young (4096K), 4 survivors (4096K)
 Metaspace       used 41633K, capacity 43852K, committed 43952K, reserved 1087488K
  class space    used 4294K, capacity 5002K, committed 5040K, reserved 1048576K
}
Event: 17.039 GC heap before
{Heap before GC invocations=29 (full 0):
 garbage-first heap   total 262144K, used 222784K [0x00000000c0000000, 0x00000000c0100800, 0x0000000100000000)
  region size 1024K, 127 young (130048K), 4 survivors (4096K)
 Metaspace       used 41633K, capacity 43852K, committed 43952K, reserved 1087488K
  class space    used 4294K, capacity 5002K, committed 5040K, reserved 1048576K

